Added Component: Designator=J?(USB-C-SMD_24P)
Add component (AddParameter): Name = "Check_prices"; Value = "https://www.snapeda.com/parts/1054500101/Molex/view-part/?ref=eda"; VariantName = "[No Variations]"
Add component (AddParameter): Name = "MF"; Value = "Molex"; VariantName = "[No Variations]"
Add component (AddParameter): Name = "MP"; Value = "1054500101"; VariantName = "[No Variations]"
Add component (AddParameter): Name = "Package"; Value = "None"; VariantName = "[No Variations]"
Add component (AddParameter): Name = "SnapEDA_Link"; Value = "https://www.snapeda.com/parts/1054500101/Molex/view-part/?ref=snap"; VariantName = "[No Variations]"
Add component (AddParameter): Name = "Value"; Value = ""; VariantName = "[No Variations]"
Add Component: Footprint Not Found VQFN-20_L3.0-W3.0-P0.45-TL-EP_TI_RJE
Add Component: Footprint Not Found TSOT-23-6_L2.9-W1.6-P0.95-LS2.8-BL
Add Component: Footprint Not Found TSOT-23-6_L2.9-W1.6-P0.95-LS2.8-BL
Add Component: Footprint Not Found VQFN-20_L3.0-W3.0-P0.45-TL-EP_TI_RJE
Add Component: Footprint Not Found TSOT-23-6_L2.9-W1.6-P0.95-LS2.8-BL
Add Component: Footprint Not Found TSOT-23-6_L2.9-W1.6-P0.95-LS2.8-BL
Add Component: Footprint Not Found SOT23-5
Add Component: Footprint Not Found SOT23-5
Add Pin To Net: Unknown Pin: Pin L2-1
Add Pin To Net: Unknown Pin: Pin L2-2
Add Pin To Net: Unknown Pin: Pin L3-1
Add Pin To Net: Unknown Pin: Pin L3-2
Add Pin To Net: Unknown Pin: Pin L5-1
Add Pin To Net: Unknown Pin: Pin L5-2
Add Pin To Net: Unknown Pin: Pin L6-1
Add Pin To Net: Unknown Pin: Pin L6-2
Add Pin To Net: Unknown Pin: Pin U10-1
Add Pin To Net: Unknown Pin: Pin U10-2
Add Pin To Net: Unknown Pin: Pin U10-3
Add Pin To Net: Unknown Pin: Pin U10-4
Add Pin To Net: Unknown Pin: Pin U10-5
Add Pin To Net: Unknown Pin: Pin U10-6
Add Pin To Net: Unknown Pin: Pin U10-7
Add Pin To Net: Unknown Pin: Pin U10-8
Add Pin To Net: Unknown Pin: Pin U10-9
Add Pin To Net: Unknown Pin: Pin U10-10
Add Pin To Net: Unknown Pin: Pin U10-11
Add Pin To Net: Unknown Pin: Pin U10-12
Add Pin To Net: Unknown Pin: Pin U10-13
Add Pin To Net: Unknown Pin: Pin U10-14
Add Pin To Net: Unknown Pin: Pin U10-15
Add Pin To Net: Unknown Pin: Pin U10-16
Add Pin To Net: Unknown Pin: Pin U10-17
Add Pin To Net: Unknown Pin: Pin U10-18
Add Pin To Net: Unknown Pin: Pin U10-19
Add Pin To Net: Unknown Pin: Pin U10-20
Add Pin To Net: Unknown Pin: Pin U10-21
Add Pin To Net: Unknown Pin: Pin U11-1
Add Pin To Net: Unknown Pin: Pin U11-2
Add Pin To Net: Unknown Pin: Pin U11-3
Add Pin To Net: Unknown Pin: Pin U11-4
Add Pin To Net: Unknown Pin: Pin U11-6
Add Pin To Net: Unknown Pin: Pin U12-1
Add Pin To Net: Unknown Pin: Pin U12-2
Add Pin To Net: Unknown Pin: Pin U12-3
Add Pin To Net: Unknown Pin: Pin U12-4
Add Pin To Net: Unknown Pin: Pin U12-6
Add Pin To Net: Unknown Pin: Pin U13-1
Add Pin To Net: Unknown Pin: Pin U13-2
Add Pin To Net: Unknown Pin: Pin U13-3
Add Pin To Net: Unknown Pin: Pin U13-4
Add Pin To Net: Unknown Pin: Pin U13-5
Add Pin To Net: Unknown Pin: Pin U13-6
Add Pin To Net: Unknown Pin: Pin U13-7
Add Pin To Net: Unknown Pin: Pin U13-8
Add Pin To Net: Unknown Pin: Pin U13-9
Add Pin To Net: Unknown Pin: Pin U13-10
Add Pin To Net: Unknown Pin: Pin U13-11
Add Pin To Net: Unknown Pin: Pin U13-12
Add Pin To Net: Unknown Pin: Pin U13-13
Add Pin To Net: Unknown Pin: Pin U13-14
Add Pin To Net: Unknown Pin: Pin U13-15
Add Pin To Net: Unknown Pin: Pin U13-16
Add Pin To Net: Unknown Pin: Pin U13-17
Add Pin To Net: Unknown Pin: Pin U13-18
Add Pin To Net: Unknown Pin: Pin U13-19
Add Pin To Net: Unknown Pin: Pin U13-20
Add Pin To Net: Unknown Pin: Pin U13-21
Add Pin To Net: Unknown Pin: Pin U14-1
Add Pin To Net: Unknown Pin: Pin U14-2
Add Pin To Net: Unknown Pin: Pin U14-3
Add Pin To Net: Unknown Pin: Pin U14-4
Add Pin To Net: Unknown Pin: Pin U14-6
Add Pin To Net: Unknown Pin: Pin U15-1
Add Pin To Net: Unknown Pin: Pin U15-2
Add Pin To Net: Unknown Pin: Pin U15-3
Add Pin To Net: Unknown Pin: Pin U15-4
Add Pin To Net: Unknown Pin: Pin U15-6
Add Pin To Net: Unknown Pin: Pin U16-1
Add Pin To Net: Unknown Pin: Pin U16-2
Add Pin To Net: Unknown Pin: Pin U16-3
Add Pin To Net: Unknown Pin: Pin U16-5
Add Pin To Net: Unknown Pin: Pin U17-1
Add Pin To Net: Unknown Pin: Pin U17-2
Add Pin To Net: Unknown Pin: Pin U17-3
Add Pin To Net: Unknown Pin: Pin U17-5
Added Member To Class: ClassName=Connector Member=Component J? TYPEC-501S-ACP24H92
Add Class Member: Failed to add class member : Component L2 10uH
Add Class Member: Failed to add class member : Component L3 10uH
Add Class Member: Failed to add class member : Component L5 10uH
Add Class Member: Failed to add class member : Component L6 10uH
Add Class Member: Failed to add class member : Component U10 TPS56C230RJER
Add Class Member: Failed to add class member : Component U11 TPS565201DDCR
Add Class Member: Failed to add class member : Component U12 TPS565201DDCR
Add Class Member: Failed to add class member : Component U13 TPS56C230RJER
Add Class Member: Failed to add class member : Component U14 TPS565201DDCR
Add Class Member: Failed to add class member : Component U15 TPS565201DDCR
Add Class Member: Failed to add class member : Component U16 VRH1052LTX
Add Class Member: Failed to add class member : Component U17 TPSPX3819M5-L-3-3
