Removed Pin From Net: NetName=NetC95_2 Pin=C95-2
Removed Member From Class: ClassName=Prom21Core Member=C?
Change Component Designator: OldDesignator=C10 NewDesignator=C17
Change Component Designator: OldDesignator=C11 NewDesignator=C18
Change Component Designator: OldDesignator=C12 NewDesignator=C19
Change Component Designator: OldDesignator=C13 NewDesignator=C20
Change Component Designator: OldDesignator=C14 NewDesignator=C21
Change Component Designator: OldDesignator=C15 NewDesignator=C22
Change Component Designator: OldDesignator=C16 NewDesignator=C23
Change Component Designator: OldDesignator=C17 NewDesignator=C24
Change Component Designator: OldDesignator=C18 NewDesignator=C26
Change Component Designator: OldDesignator=C19 NewDesignator=C27
Change Component Designator: OldDesignator=C20 NewDesignator=C28
Change Component Designator: OldDesignator=C21 NewDesignator=C29
Change Component Designator: OldDesignator=C22 NewDesignator=C30
Change Component Designator: OldDesignator=C23 NewDesignator=C31
Change Component Designator: OldDesignator=C24 NewDesignator=C32
Change Component Designator: OldDesignator=C25 NewDesignator=C33
Change Component Designator: OldDesignator=C26 NewDesignator=C34
Change Component Designator: OldDesignator=C27 NewDesignator=C35
Change Component Designator: OldDesignator=C28 NewDesignator=C36
Change Component Designator: OldDesignator=C29 NewDesignator=C37
Change Component Designator: OldDesignator=C30 NewDesignator=C38
Change Component Designator: OldDesignator=C31 NewDesignator=C39
Change Component Designator: OldDesignator=C32 NewDesignator=C40
Change Component Designator: OldDesignator=C33 NewDesignator=C41
Change Component Designator: OldDesignator=C34 NewDesignator=C42
Change Component Designator: OldDesignator=C35 NewDesignator=C43
Change Component Designator: OldDesignator=C36 NewDesignator=C44
Change Component Designator: OldDesignator=C37 NewDesignator=C45
Change Component Designator: OldDesignator=C38 NewDesignator=C46
Change Component Designator: OldDesignator=C39 NewDesignator=C47
Change Component Designator: OldDesignator=C40 NewDesignator=C48
Change Component Designator: OldDesignator=C41 NewDesignator=C49
Change Component Designator: OldDesignator=C42 NewDesignator=C50
Change Component Designator: OldDesignator=C43 NewDesignator=C51
Change Component Designator: OldDesignator=C44 NewDesignator=C52
Change Component Designator: OldDesignator=C45 NewDesignator=C53
Change Component Designator: OldDesignator=C46 NewDesignator=C54
Change Component Designator: OldDesignator=C47 NewDesignator=C55
Change Component Designator: OldDesignator=C48 NewDesignator=C56
Change Component Designator: OldDesignator=C49 NewDesignator=C57
Change Component Designator: OldDesignator=C50 NewDesignator=C58
Change Component Designator: OldDesignator=C51 NewDesignator=C59
Change Component Designator: OldDesignator=C52 NewDesignator=C60
Change Component Designator: OldDesignator=C53 NewDesignator=C61
Change Component Designator: OldDesignator=C54 NewDesignator=C62
Change Component Designator: OldDesignator=C55 NewDesignator=C63
Change Component Designator: OldDesignator=C56 NewDesignator=C64
Change Component Designator: OldDesignator=C57 NewDesignator=C65
Change Component Designator: OldDesignator=C58 NewDesignator=C66
Change Component Designator: OldDesignator=C59 NewDesignator=C67
Change Component Designator: OldDesignator=C60 NewDesignator=C68
Change Component Designator: OldDesignator=C61 NewDesignator=C69
Change Component Designator: OldDesignator=C62 NewDesignator=C70
Change Component Designator: OldDesignator=C63 NewDesignator=C71
Change Component Designator: OldDesignator=C64 NewDesignator=C72
Change Component Designator: OldDesignator=C65 NewDesignator=C73
Change Component Designator: OldDesignator=C66 NewDesignator=C74
Change Component Designator: OldDesignator=C67 NewDesignator=C75
Change Component Designator: OldDesignator=C68 NewDesignator=C76
Change Component Designator: OldDesignator=C69 NewDesignator=C77
Change Component Designator: OldDesignator=C70 NewDesignator=C78
Change Component Designator: OldDesignator=C71 NewDesignator=C79
Change Component Designator: OldDesignator=C72 NewDesignator=C80
Change Component Designator: OldDesignator=C73 NewDesignator=C81
Change Component Designator: OldDesignator=C74 NewDesignator=C82
Change Component Designator: OldDesignator=C75 NewDesignator=C83
Change Component Designator: OldDesignator=C76 NewDesignator=C84
Change Component Designator: OldDesignator=C77 NewDesignator=C85
Change Component Designator: OldDesignator=C78 NewDesignator=C86
Change Component Designator: OldDesignator=C79 NewDesignator=C87
Change Component Designator: OldDesignator=C80 NewDesignator=C88
Change Component Designator: OldDesignator=C81 NewDesignator=C89
Change Component Designator: OldDesignator=C82 NewDesignator=C90
Change Component Designator: OldDesignator=C83 NewDesignator=C91
Change Component Designator: OldDesignator=C84 NewDesignator=C92
Change Component Designator: OldDesignator=C85 NewDesignator=C93
Change Component Designator: OldDesignator=C86 NewDesignator=C94
Change Component Designator: OldDesignator=C87 NewDesignator=C95
Change Component Designator: OldDesignator=C88 NewDesignator=C96
Change Component Designator: OldDesignator=C89 NewDesignator=C97
Change Component Designator: OldDesignator=C90 NewDesignator=C98
Change Component Designator: OldDesignator=C91 NewDesignator=C99
Change Component Designator: OldDesignator=C92 NewDesignator=C100
Change Component Designator: OldDesignator=C93 NewDesignator=C101
Change Component Designator: OldDesignator=C94 NewDesignator=C102
Change Component Designator: OldDesignator=C95 NewDesignator=C103
Change Component Designator: OldDesignator=C96 NewDesignator=C104
Change Component Designator: OldDesignator=C97 NewDesignator=C105
Change Component Designator: OldDesignator=C98 NewDesignator=C106
Change Component Designator: OldDesignator=C99 NewDesignator=C107
Change Component Designator: OldDesignator=C100 NewDesignator=C108
Change Component Designator: OldDesignator=C101 NewDesignator=C109
Change Component Designator: OldDesignator=C102 NewDesignator=C110
Change Component Designator: OldDesignator=C103 NewDesignator=C111
Change Component Designator: OldDesignator=C104 NewDesignator=C112
Change Component Designator: OldDesignator=C105 NewDesignator=C113
Change Component Designator: OldDesignator=C106 NewDesignator=C114
Change Component Designator: OldDesignator=C107 NewDesignator=C115
Change Component Designator: OldDesignator=C108 NewDesignator=C116
Change Component Designator: OldDesignator=C109 NewDesignator=C117
Change Component Designator: OldDesignator=C110 NewDesignator=C118
Change Component Designator: OldDesignator=C111 NewDesignator=C119
Change Component Designator: OldDesignator=C112 NewDesignator=C120
Change Component Designator: OldDesignator=C113 NewDesignator=C121
Change Component Designator: OldDesignator=C114 NewDesignator=C122
Change Component Designator: OldDesignator=C115 NewDesignator=C123
Change Component Designator: OldDesignator=C116 NewDesignator=C124
Change Component Designator: OldDesignator=C117 NewDesignator=C125
Change Component Designator: OldDesignator=C118 NewDesignator=C126
Change Component Designator: OldDesignator=C119 NewDesignator=C127
Change Component Designator: OldDesignator=C120 NewDesignator=C128
Change Component Designator: OldDesignator=C121 NewDesignator=C129
Change Component Designator: OldDesignator=C122 NewDesignator=C130
Change Component Designator: OldDesignator=C123 NewDesignator=C131
Change Component Designator: OldDesignator=C124 NewDesignator=C132
Change Component Designator: OldDesignator=C125 NewDesignator=C133
Change Component Designator: OldDesignator=C126 NewDesignator=C134
Change Component Designator: OldDesignator=C127 NewDesignator=C135
Change Component Designator: OldDesignator=C128 NewDesignator=C136
Change Component Designator: OldDesignator=C129 NewDesignator=C137
Change Component Designator: OldDesignator=C130 NewDesignator=C138
Change Component Designator: OldDesignator=C131 NewDesignator=C139
Change Component Designator: OldDesignator=C132 NewDesignator=C140
Change Component Designator: OldDesignator=C133 NewDesignator=C141
Change Component Designator: OldDesignator=C? NewDesignator=C10
Change Component Designator: OldDesignator=C? NewDesignator=C11
Change Component Designator: OldDesignator=C? NewDesignator=C12
Change Component Designator: OldDesignator=C? NewDesignator=C13
Change Component Designator: OldDesignator=C? NewDesignator=C14
Change Component Designator: OldDesignator=C? NewDesignator=C15
Change Component Designator: OldDesignator=C? NewDesignator=C16
Change Component Designator: OldDesignator=C? NewDesignator=C25
Change Component Designator: OldDesignator=J2 NewDesignator=J8
Change Component Designator: OldDesignator=J3 NewDesignator=J4
Change Component Designator: OldDesignator=J4 NewDesignator=J2
Change Component Designator: OldDesignator=J5 NewDesignator=J3
Change Component Designator: OldDesignator=J6 NewDesignator=J5
Change Component Designator: OldDesignator=J7 NewDesignator=J6
Change Component Designator: OldDesignator=J8 NewDesignator=J7
Add Component: Footprint Not Found VQFN-20_L3.0-W3.0-P0.45-TL-EP_TI_RJE
Add Component: Footprint Not Found TSOT-23-6_L2.9-W1.6-P0.95-LS2.8-BL
Add Component: Footprint Not Found TSOT-23-6_L2.9-W1.6-P0.95-LS2.8-BL
Add Component: Footprint Not Found VQFN-20_L3.0-W3.0-P0.45-TL-EP_TI_RJE
Add Component: Footprint Not Found TSOT-23-6_L2.9-W1.6-P0.95-LS2.8-BL
Add Component: Footprint Not Found SOT23-5
Add Component: Footprint Not Found VQFN-20_L3.0-W3.0-P0.45-TL-EP_TI_RJE
Add Component: Footprint Not Found SOT23-5
Added Pin To Net: NetName=NetC95_2 Pin=C95-2
Add Pin To Net: Unknown Pin: Pin J2-SH1
Add Pin To Net: Unknown Pin: Pin J2-SH2
Add Pin To Net: Unknown Pin: Pin J2-SH3
Add Pin To Net: Unknown Pin: Pin J2-SH4
Add Pin To Net: Unknown Pin: Pin J3-SH1
Add Pin To Net: Unknown Pin: Pin J3-SH2
Add Pin To Net: Unknown Pin: Pin J3-SH3
Add Pin To Net: Unknown Pin: Pin J3-SH4
Add Pin To Net: Unknown Pin: Pin J4-SH1
Add Pin To Net: Unknown Pin: Pin J4-SH2
Add Pin To Net: Unknown Pin: Pin J4-SH3
Add Pin To Net: Unknown Pin: Pin J4-SH4
Add Pin To Net: Unknown Pin: Pin L2-2
Add Pin To Net: Unknown Pin: Pin L3-2
Add Pin To Net: Unknown Pin: Pin L5-2
Add Pin To Net: Unknown Pin: Pin U7-2
Add Pin To Net: Unknown Pin: Pin U7-3
Add Pin To Net: Unknown Pin: Pin U7-4
Add Pin To Net: Unknown Pin: Pin U7-5
Add Pin To Net: Unknown Pin: Pin U7-7
Add Pin To Net: Unknown Pin: Pin U7-8
Add Pin To Net: Unknown Pin: Pin U7-9
Add Pin To Net: Unknown Pin: Pin U7-10
Add Pin To Net: Unknown Pin: Pin U7-11
Add Pin To Net: Unknown Pin: Pin U7-12
Add Pin To Net: Unknown Pin: Pin U7-13
Add Pin To Net: Unknown Pin: Pin U7-14
Add Pin To Net: Unknown Pin: Pin U7-15
Add Pin To Net: Unknown Pin: Pin U7-16
Add Pin To Net: Unknown Pin: Pin U7-18
Add Pin To Net: Unknown Pin: Pin U7-21
Add Pin To Net: Unknown Pin: Pin U8-1
Add Pin To Net: Unknown Pin: Pin U8-3
Add Pin To Net: Unknown Pin: Pin U8-4
Add Pin To Net: Unknown Pin: Pin U9-1
Add Pin To Net: Unknown Pin: Pin U9-3
Add Pin To Net: Unknown Pin: Pin U9-4
Add Pin To Net: Unknown Pin: Pin U10-2
Add Pin To Net: Unknown Pin: Pin U10-3
Add Pin To Net: Unknown Pin: Pin U10-4
Add Pin To Net: Unknown Pin: Pin U10-5
Add Pin To Net: Unknown Pin: Pin U10-7
Add Pin To Net: Unknown Pin: Pin U10-8
Add Pin To Net: Unknown Pin: Pin U10-9
Add Pin To Net: Unknown Pin: Pin U10-10
Add Pin To Net: Unknown Pin: Pin U10-12
Add Pin To Net: Unknown Pin: Pin U10-13
Add Pin To Net: Unknown Pin: Pin U10-14
Add Pin To Net: Unknown Pin: Pin U10-15
Add Pin To Net: Unknown Pin: Pin U10-16
Add Pin To Net: Unknown Pin: Pin U10-18
Add Pin To Net: Unknown Pin: Pin U10-21
Add Pin To Net: Unknown Pin: Pin U11-1
Add Pin To Net: Unknown Pin: Pin U11-3
Add Pin To Net: Unknown Pin: Pin U11-4
Add Pin To Net: Unknown Pin: Pin U12-1
Add Pin To Net: Unknown Pin: Pin U12-2
Add Pin To Net: Unknown Pin: Pin U12-3
Add Pin To Net: Unknown Pin: Pin U12-5
Add Pin To Net: Unknown Pin: Pin U13-2
Add Pin To Net: Unknown Pin: Pin U13-3
Add Pin To Net: Unknown Pin: Pin U13-4
Add Pin To Net: Unknown Pin: Pin U13-5
Add Pin To Net: Unknown Pin: Pin U13-7
Add Pin To Net: Unknown Pin: Pin U13-8
Add Pin To Net: Unknown Pin: Pin U13-9
Add Pin To Net: Unknown Pin: Pin U13-10
Add Pin To Net: Unknown Pin: Pin U13-12
Add Pin To Net: Unknown Pin: Pin U13-13
Add Pin To Net: Unknown Pin: Pin U13-14
Add Pin To Net: Unknown Pin: Pin U13-15
Add Pin To Net: Unknown Pin: Pin U13-16
Add Pin To Net: Unknown Pin: Pin U13-18
Add Pin To Net: Unknown Pin: Pin U13-21
Add Pin To Net: Unknown Pin: Pin U14-1
Add Pin To Net: Unknown Pin: Pin U14-2
Add Pin To Net: Unknown Pin: Pin U14-3
Add Pin To Net: Unknown Pin: Pin U14-5
Added Pin To Net: NetName=NetC80_1 Pin=C80-1
Added Net: Name=NetC80_1
Added Pin To Net: NetName=NetC80_2 Pin=C80-2
Added Net: Name=NetC80_2
Added Pin To Net: NetName=NetC89_1 Pin=C89-1
Added Net: Name=NetC89_1
Added Pin To Net: NetName=NetC89_2 Pin=C89-2
Added Pin To Net: NetName=NetC89_2 Pin=L1-1
Added Net: Name=NetC89_2
Added Pin To Net: NetName=NetC94_1 Pin=C94-1
Added Net: Name=NetC94_1
Added Pin To Net: NetName=NetC94_2 Pin=C94-2
Added Net: Name=NetC94_2
Added Pin To Net: NetName=NetC96_2 Pin=C96-2
Added Pin To Net: NetName=NetC96_2 Pin=R60-1
Added Net: Name=NetC96_2
Added Pin To Net: NetName=NetC103_1 Pin=C103-1
Added Net: Name=NetC103_1
Added Pin To Net: NetName=NetC103_2 Pin=C103-2
Added Net: Name=NetC103_2
Added Pin To Net: NetName=NetC112_1 Pin=C112-1
Added Net: Name=NetC112_1
Added Pin To Net: NetName=NetC112_2 Pin=C112-2
Added Pin To Net: NetName=NetC112_2 Pin=L4-1
Added Net: Name=NetC112_2
Added Pin To Net: NetName=NetC117_2 Pin=C117-2
Added Net: Name=NetC117_2
Added Pin To Net: NetName=NetC118_2 Pin=C118-2
Added Pin To Net: NetName=NetC118_2 Pin=R68-1
Added Net: Name=NetC118_2
Added Pin To Net: NetName=NetC129_1 Pin=C129-1
Added Net: Name=NetC129_1
Added Pin To Net: NetName=NetC129_2 Pin=C129-2
Added Pin To Net: NetName=NetC129_2 Pin=L6-1
Added Net: Name=NetC129_2
Added Pin To Net: NetName=NetC134_2 Pin=C134-2
Added Net: Name=NetC134_2
Added Pin To Net: NetName=NetC135_2 Pin=C135-2
Added Pin To Net: NetName=NetC135_2 Pin=R74-1
Added Net: Name=NetC135_2
Added Member To Class: ClassName=Prom21Core Member=Component C72 100nF 6.3V
Added Member To Class: ClassName=Prom21Core Member=Component C73 100nF 6.3V
Added Member To Class: ClassName=Prom21Core Member=Component C74 100nF 6.3V
Added Member To Class: ClassName=Prom21Core Member=Component C75 100nF 6.3V
Added Member To Class: ClassName=Prom21Core Member=Component C76 100nF 6.3V
Added Member To Class: ClassName=Prom21Core Member=Component C77 100nF 6.3V
Added Member To Class: ClassName=Prom21Core Member=Component C78 100nF 6.3V
Added Member To Class: ClassName=Prom21Core Member=Component C79 100nF 6.3V
Add Class Member: Failed to add class member : Component L2 10uH
Add Class Member: Failed to add class member : Component L3 10uH
Add Class Member: Failed to add class member : Component L5 10uH
Add Class Member: Failed to add class member : Component U7 TPS56C230RJER
Add Class Member: Failed to add class member : Component U8 TPS565201DDCR
Add Class Member: Failed to add class member : Component U9 TPS565201DDCR
Add Class Member: Failed to add class member : Component U10 TPS56C230RJER
Add Class Member: Failed to add class member : Component U11 TPS565201DDCR
Add Class Member: Failed to add class member : Component U12 VRH1052LTX
Add Class Member: Failed to add class member : Component U13 TPS56C230RJER
Add Class Member: Failed to add class member : Component U14 TPSPX3819M5-L-3-3
