Change Component Designator: OldDesignator=R? NewDesignator=R92
Change Component Designator: OldDesignator=R? NewDesignator=R93
Change Component Designator: OldDesignator=R? NewDesignator=R94
Change Component Designator: OldDesignator=R? NewDesignator=R95
Change Component Designator: OldDesignator=R? NewDesignator=R96
Add Component: Footprint Not Found SOT23-5
Add Component: Footprint Not Found SOT23-5
Add Pin To Net: Unknown Pin: Pin J2-SH1
Add Pin To Net: Unknown Pin: Pin J2-SH2
Add Pin To Net: Unknown Pin: Pin J2-SH3
Add Pin To Net: Unknown Pin: Pin J2-SH4
Add Pin To Net: Unknown Pin: Pin J3-SH1
Add Pin To Net: Unknown Pin: Pin J3-SH2
Add Pin To Net: Unknown Pin: Pin J3-SH3
Add Pin To Net: Unknown Pin: Pin J3-SH4
Add Pin To Net: Unknown Pin: Pin J4-SH1
Add Pin To Net: Unknown Pin: Pin J4-SH2
Add Pin To Net: Unknown Pin: Pin J4-SH3
Add Pin To Net: Unknown Pin: Pin J4-SH4
Add Pin To Net: Unknown Pin: Pin L2-1
Add Pin To Net: Unknown Pin: Pin L2-2
Add Pin To Net: Unknown Pin: Pin L3-1
Add Pin To Net: Unknown Pin: Pin L3-2
Add Pin To Net: Unknown Pin: Pin L5-1
Add Pin To Net: Unknown Pin: Pin L5-2
Add Pin To Net: Unknown Pin: Pin U12-1
Add Pin To Net: Unknown Pin: Pin U12-2
Add Pin To Net: Unknown Pin: Pin U12-3
Add Pin To Net: Unknown Pin: Pin U12-5
Add Pin To Net: Unknown Pin: Pin U14-1
Add Pin To Net: Unknown Pin: Pin U14-2
Add Pin To Net: Unknown Pin: Pin U14-3
Add Pin To Net: Unknown Pin: Pin U14-5
Change Net Name : Old Net Name=NetR?_1 New Net Name=NetR95_1
Change Net Name : Old Net Name=NetR?_2 New Net Name=NetR92_2
Added Pin To Net: NetName=NetR93_2 Pin=R93-2
Added Pin To Net: NetName=NetR93_2 Pin=U9-5
Added Net: Name=NetR93_2
Added Pin To Net: NetName=NetR94_2 Pin=R94-2
Added Pin To Net: NetName=NetR94_2 Pin=U11-5
Added Net: Name=NetR94_2
Add Class Member: Failed to add class member : Component L2 2.2uH
Add Class Member: Failed to add class member : Component L3 2.2uH
Add Class Member: Failed to add class member : Component L5 2.2uH
Added Member To Class: ClassName=pwr Member=Component R92 100K 1%
Added Member To Class: ClassName=pwr Member=Component R93 100K 1%
Added Member To Class: ClassName=pwr Member=Component R95 357K 1%
Added Member To Class: ClassName=pwr Member=Component R96 51K 1%
Add Class Member: Failed to add class member : Component U12 VRH1052LTX
Add Class Member: Failed to add class member : Component U14 TPSPX3819M5-L-3-3
