Removed Pin From Net: NetName=UPE_TX0_N Pin=U5-G1
Removed Pin From Net: NetName=UPE_TX0_P Pin=U5-G2
Removed Pin From Net: NetName=UPE_TX1_N Pin=U5-J1
Removed Pin From Net: NetName=UPE_TX1_P Pin=U5-J2
Removed Pin From Net: NetName=UPE_TX2_N Pin=U5-L1
Removed Pin From Net: NetName=UPE_TX2_P Pin=U5-L2
Removed Pin From Net: NetName=UPE_TX3_N Pin=U5-N1
Removed Pin From Net: NetName=UPE_TX3_P Pin=U5-N2
Added Component: Designator=C?(C0603_L)
Add component (AddParameter): Name = "BOM名称"; Value = "无极性贴片电容"; VariantName = "[No Variations]"
Add component (AddParameter): Name = "学习资源"; Value = "www.ooocke.com"; VariantName = "[No Variations]"
Add component (AddParameter): Name = "材质"; Value = "X7R"; VariantName = "[No Variations]"
Add component (AddParameter): Name = "版权归属"; Value = "源创客"; VariantName = "[No Variations]"
Added Component: Designator=C?(C0603_L)
Add component (AddParameter): Name = "BOM名称"; Value = "无极性贴片电容"; VariantName = "[No Variations]"
Add component (AddParameter): Name = "学习资源"; Value = "www.ooocke.com"; VariantName = "[No Variations]"
Add component (AddParameter): Name = "材质"; Value = "X7R"; VariantName = "[No Variations]"
Add component (AddParameter): Name = "版权归属"; Value = "源创客"; VariantName = "[No Variations]"
Added Component: Designator=C?(C0603_L)
Add component (AddParameter): Name = "BOM名称"; Value = "无极性贴片电容"; VariantName = "[No Variations]"
Add component (AddParameter): Name = "学习资源"; Value = "www.ooocke.com"; VariantName = "[No Variations]"
Add component (AddParameter): Name = "材质"; Value = "X7R"; VariantName = "[No Variations]"
Add component (AddParameter): Name = "版权归属"; Value = "源创客"; VariantName = "[No Variations]"
Added Component: Designator=C?(C0603_L)
Add component (AddParameter): Name = "BOM名称"; Value = "无极性贴片电容"; VariantName = "[No Variations]"
Add component (AddParameter): Name = "学习资源"; Value = "www.ooocke.com"; VariantName = "[No Variations]"
Add component (AddParameter): Name = "材质"; Value = "X7R"; VariantName = "[No Variations]"
Add component (AddParameter): Name = "版权归属"; Value = "源创客"; VariantName = "[No Variations]"
Added Component: Designator=C?(C0603_L)
Add component (AddParameter): Name = "BOM名称"; Value = "无极性贴片电容"; VariantName = "[No Variations]"
Add component (AddParameter): Name = "学习资源"; Value = "www.ooocke.com"; VariantName = "[No Variations]"
Add component (AddParameter): Name = "材质"; Value = "X7R"; VariantName = "[No Variations]"
Add component (AddParameter): Name = "版权归属"; Value = "源创客"; VariantName = "[No Variations]"
Added Component: Designator=C?(C0603_L)
Add component (AddParameter): Name = "BOM名称"; Value = "无极性贴片电容"; VariantName = "[No Variations]"
Add component (AddParameter): Name = "学习资源"; Value = "www.ooocke.com"; VariantName = "[No Variations]"
Add component (AddParameter): Name = "材质"; Value = "X7R"; VariantName = "[No Variations]"
Add component (AddParameter): Name = "版权归属"; Value = "源创客"; VariantName = "[No Variations]"
Added Component: Designator=C?(C0603_L)
Add component (AddParameter): Name = "BOM名称"; Value = "无极性贴片电容"; VariantName = "[No Variations]"
Add component (AddParameter): Name = "学习资源"; Value = "www.ooocke.com"; VariantName = "[No Variations]"
Add component (AddParameter): Name = "材质"; Value = "X7R"; VariantName = "[No Variations]"
Add component (AddParameter): Name = "版权归属"; Value = "源创客"; VariantName = "[No Variations]"
Added Component: Designator=C?(C0603_L)
Add component (AddParameter): Name = "BOM名称"; Value = "无极性贴片电容"; VariantName = "[No Variations]"
Add component (AddParameter): Name = "学习资源"; Value = "www.ooocke.com"; VariantName = "[No Variations]"
Add component (AddParameter): Name = "材质"; Value = "X7R"; VariantName = "[No Variations]"
Add component (AddParameter): Name = "版权归属"; Value = "源创客"; VariantName = "[No Variations]"
Add Component: Footprint Not Found VQFN-20_L3.0-W3.0-P0.45-TL-EP_TI_RJE
Add Component: Footprint Not Found TSOT-23-6_L2.9-W1.6-P0.95-LS2.8-BL
Add Component: Footprint Not Found TSOT-23-6_L2.9-W1.6-P0.95-LS2.8-BL
Add Component: Footprint Not Found VQFN-20_L3.0-W3.0-P0.45-TL-EP_TI_RJE
Add Component: Footprint Not Found TSOT-23-6_L2.9-W1.6-P0.95-LS2.8-BL
Add Component: Footprint Not Found SOT23-5
Add Component: Footprint Not Found VQFN-20_L3.0-W3.0-P0.45-TL-EP_TI_RJE
Add Component: Footprint Not Found SOT23-5
Added Pin To Net: NetName=UPE_TX0_N Pin=C?-1
Added Pin To Net: NetName=UPE_TX0_P Pin=C?-1
Added Pin To Net: NetName=UPE_TX1_N Pin=C?-1
Added Pin To Net: NetName=UPE_TX1_P Pin=C?-1
Added Pin To Net: NetName=UPE_TX2_N Pin=C?-1
Added Pin To Net: NetName=UPE_TX2_P Pin=C?-1
Added Pin To Net: NetName=UPE_TX3_N Pin=C?-1
Added Pin To Net: NetName=UPE_TX3_P Pin=C?-1
Add Pin To Net: Unknown Pin: Pin J3-SH1
Add Pin To Net: Unknown Pin: Pin J3-SH2
Add Pin To Net: Unknown Pin: Pin J3-SH3
Add Pin To Net: Unknown Pin: Pin J3-SH4
Add Pin To Net: Unknown Pin: Pin J4-SH1
Add Pin To Net: Unknown Pin: Pin J4-SH2
Add Pin To Net: Unknown Pin: Pin J4-SH3
Add Pin To Net: Unknown Pin: Pin J4-SH4
Add Pin To Net: Unknown Pin: Pin J5-SH1
Add Pin To Net: Unknown Pin: Pin J5-SH2
Add Pin To Net: Unknown Pin: Pin J5-SH3
Add Pin To Net: Unknown Pin: Pin J5-SH4
Add Pin To Net: Unknown Pin: Pin L2-1
Add Pin To Net: Unknown Pin: Pin L2-2
Add Pin To Net: Unknown Pin: Pin L3-1
Add Pin To Net: Unknown Pin: Pin L3-2
Add Pin To Net: Unknown Pin: Pin L5-1
Add Pin To Net: Unknown Pin: Pin L5-2
Add Pin To Net: Unknown Pin: Pin U7-1
Add Pin To Net: Unknown Pin: Pin U7-2
Add Pin To Net: Unknown Pin: Pin U7-3
Add Pin To Net: Unknown Pin: Pin U7-4
Add Pin To Net: Unknown Pin: Pin U7-5
Add Pin To Net: Unknown Pin: Pin U7-6
Add Pin To Net: Unknown Pin: Pin U7-7
Add Pin To Net: Unknown Pin: Pin U7-8
Add Pin To Net: Unknown Pin: Pin U7-9
Add Pin To Net: Unknown Pin: Pin U7-10
Add Pin To Net: Unknown Pin: Pin U7-11
Add Pin To Net: Unknown Pin: Pin U7-12
Add Pin To Net: Unknown Pin: Pin U7-13
Add Pin To Net: Unknown Pin: Pin U7-14
Add Pin To Net: Unknown Pin: Pin U7-15
Add Pin To Net: Unknown Pin: Pin U7-16
Add Pin To Net: Unknown Pin: Pin U7-17
Add Pin To Net: Unknown Pin: Pin U7-18
Add Pin To Net: Unknown Pin: Pin U7-19
Add Pin To Net: Unknown Pin: Pin U7-20
Add Pin To Net: Unknown Pin: Pin U7-21
Add Pin To Net: Unknown Pin: Pin U8-1
Add Pin To Net: Unknown Pin: Pin U8-2
Add Pin To Net: Unknown Pin: Pin U8-3
Add Pin To Net: Unknown Pin: Pin U8-4
Add Pin To Net: Unknown Pin: Pin U8-6
Add Pin To Net: Unknown Pin: Pin U9-1
Add Pin To Net: Unknown Pin: Pin U9-2
Add Pin To Net: Unknown Pin: Pin U9-3
Add Pin To Net: Unknown Pin: Pin U9-4
Add Pin To Net: Unknown Pin: Pin U9-6
Add Pin To Net: Unknown Pin: Pin U10-1
Add Pin To Net: Unknown Pin: Pin U10-2
Add Pin To Net: Unknown Pin: Pin U10-3
Add Pin To Net: Unknown Pin: Pin U10-4
Add Pin To Net: Unknown Pin: Pin U10-5
Add Pin To Net: Unknown Pin: Pin U10-6
Add Pin To Net: Unknown Pin: Pin U10-7
Add Pin To Net: Unknown Pin: Pin U10-8
Add Pin To Net: Unknown Pin: Pin U10-9
Add Pin To Net: Unknown Pin: Pin U10-10
Add Pin To Net: Unknown Pin: Pin U10-11
Add Pin To Net: Unknown Pin: Pin U10-12
Add Pin To Net: Unknown Pin: Pin U10-13
Add Pin To Net: Unknown Pin: Pin U10-14
Add Pin To Net: Unknown Pin: Pin U10-15
Add Pin To Net: Unknown Pin: Pin U10-16
Add Pin To Net: Unknown Pin: Pin U10-17
Add Pin To Net: Unknown Pin: Pin U10-18
Add Pin To Net: Unknown Pin: Pin U10-19
Add Pin To Net: Unknown Pin: Pin U10-20
Add Pin To Net: Unknown Pin: Pin U10-21
Add Pin To Net: Unknown Pin: Pin U11-1
Add Pin To Net: Unknown Pin: Pin U11-2
Add Pin To Net: Unknown Pin: Pin U11-3
Add Pin To Net: Unknown Pin: Pin U11-4
Add Pin To Net: Unknown Pin: Pin U11-6
Add Pin To Net: Unknown Pin: Pin U12-1
Add Pin To Net: Unknown Pin: Pin U12-2
Add Pin To Net: Unknown Pin: Pin U12-3
Add Pin To Net: Unknown Pin: Pin U12-5
Add Pin To Net: Unknown Pin: Pin U13-1
Add Pin To Net: Unknown Pin: Pin U13-2
Add Pin To Net: Unknown Pin: Pin U13-3
Add Pin To Net: Unknown Pin: Pin U13-4
Add Pin To Net: Unknown Pin: Pin U13-5
Add Pin To Net: Unknown Pin: Pin U13-6
Add Pin To Net: Unknown Pin: Pin U13-7
Add Pin To Net: Unknown Pin: Pin U13-8
Add Pin To Net: Unknown Pin: Pin U13-9
Add Pin To Net: Unknown Pin: Pin U13-10
Add Pin To Net: Unknown Pin: Pin U13-11
Add Pin To Net: Unknown Pin: Pin U13-12
Add Pin To Net: Unknown Pin: Pin U13-13
Add Pin To Net: Unknown Pin: Pin U13-14
Add Pin To Net: Unknown Pin: Pin U13-15
Add Pin To Net: Unknown Pin: Pin U13-16
Add Pin To Net: Unknown Pin: Pin U13-17
Add Pin To Net: Unknown Pin: Pin U13-18
Add Pin To Net: Unknown Pin: Pin U13-19
Add Pin To Net: Unknown Pin: Pin U13-20
Add Pin To Net: Unknown Pin: Pin U13-21
Add Pin To Net: Unknown Pin: Pin U14-1
Add Pin To Net: Unknown Pin: Pin U14-2
Add Pin To Net: Unknown Pin: Pin U14-3
Add Pin To Net: Unknown Pin: Pin U14-5
Change Net Color : Old Net Color=RGB(0, 0, 204) New Net Color=Default
Added Pin To Net: NetName=CAP_UPE_TX0_N Pin=C?-2
Added Pin To Net: NetName=CAP_UPE_TX0_N Pin=U5-G1
Added Net: Name=CAP_UPE_TX0_N
Added Pin To Net: NetName=CAP_UPE_TX0_P Pin=C?-2
Added Pin To Net: NetName=CAP_UPE_TX0_P Pin=U5-G2
Added Net: Name=CAP_UPE_TX0_P
Added Pin To Net: NetName=CAP_UPE_TX1_N Pin=C?-2
Added Pin To Net: NetName=CAP_UPE_TX1_N Pin=U5-J1
Added Net: Name=CAP_UPE_TX1_N
Added Pin To Net: NetName=CAP_UPE_TX1_P Pin=C?-2
Added Pin To Net: NetName=CAP_UPE_TX1_P Pin=U5-J2
Added Net: Name=CAP_UPE_TX1_P
Added Pin To Net: NetName=CAP_UPE_TX2_N Pin=C?-2
Added Pin To Net: NetName=CAP_UPE_TX2_N Pin=U5-L1
Added Net: Name=CAP_UPE_TX2_N
Added Pin To Net: NetName=CAP_UPE_TX2_P Pin=C?-2
Added Pin To Net: NetName=CAP_UPE_TX2_P Pin=U5-L2
Added Net: Name=CAP_UPE_TX2_P
Added Pin To Net: NetName=CAP_UPE_TX3_N Pin=C?-2
Added Pin To Net: NetName=CAP_UPE_TX3_N Pin=U5-N1
Added Net: Name=CAP_UPE_TX3_N
Added Pin To Net: NetName=CAP_UPE_TX3_P Pin=C?-2
Added Pin To Net: NetName=CAP_UPE_TX3_P Pin=U5-N2
Added Net: Name=CAP_UPE_TX3_P
Added Differential Pair: Name=CAP_UPE_TX0
Added Differential Pair: Name=CAP_UPE_TX1
Added Differential Pair: Name=CAP_UPE_TX2
Added Differential Pair: Name=CAP_UPE_TX3
Added Member To Class: ClassName=Prom21Core Member=Component C? 100nF 6.3V
Added Member To Class: ClassName=Prom21Core Member=Component C? 100nF 6.3V
Added Member To Class: ClassName=Prom21Core Member=Component C? 100nF 6.3V
Added Member To Class: ClassName=Prom21Core Member=Component C? 100nF 6.3V
Added Member To Class: ClassName=Prom21Core Member=Component C? 100nF 6.3V
Added Member To Class: ClassName=Prom21Core Member=Component C? 100nF 6.3V
Added Member To Class: ClassName=Prom21Core Member=Component C? 100nF 6.3V
Added Member To Class: ClassName=Prom21Core Member=Component C? 100nF 6.3V
Add Class Member: Failed to add class member : Component L2 10uH
Add Class Member: Failed to add class member : Component L3 10uH
Add Class Member: Failed to add class member : Component L5 10uH
Add Class Member: Failed to add class member : Component U7 TPS56C230RJER
Add Class Member: Failed to add class member : Component U8 TPS565201DDCR
Add Class Member: Failed to add class member : Component U9 TPS565201DDCR
Add Class Member: Failed to add class member : Component U10 TPS56C230RJER
Add Class Member: Failed to add class member : Component U11 TPS565201DDCR
Add Class Member: Failed to add class member : Component U12 VRH1052LTX
Add Class Member: Failed to add class member : Component U13 TPS56C230RJER
Add Class Member: Failed to add class member : Component U14 TPSPX3819M5-L-3-3
Added Member To Class: ClassName=PCIE_DPE-B Member=Wire CAP_DPE_TX7_N
Added Member To Class: ClassName=PCIE_UPE Member=Wire CAP_UPE_TX0_N
Added Member To Class: ClassName=PCIE_UPE Member=Wire CAP_UPE_TX0_P
Added Member To Class: ClassName=PCIE_UPE Member=Wire CAP_UPE_TX1_N
Added Member To Class: ClassName=PCIE_UPE Member=Wire CAP_UPE_TX1_P
Added Member To Class: ClassName=PCIE_UPE Member=Wire CAP_UPE_TX2_N
Added Member To Class: ClassName=PCIE_UPE Member=Wire CAP_UPE_TX2_P
Added Member To Class: ClassName=PCIE_UPE Member=Wire CAP_UPE_TX3_N
Added Member To Class: ClassName=PCIE_UPE Member=Wire CAP_UPE_TX3_P
