Added Component: Designator=U12(SOT23-5L)
Added Component: Designator=U14(SOT23-5L)
Add Pin To Net: Unknown Pin: Pin J2-SH1
Add Pin To Net: Unknown Pin: Pin J2-SH2
Add Pin To Net: Unknown Pin: Pin J2-SH3
Add Pin To Net: Unknown Pin: Pin J2-SH4
Add Pin To Net: Unknown Pin: Pin J3-SH1
Add Pin To Net: Unknown Pin: Pin J3-SH2
Add Pin To Net: Unknown Pin: Pin J3-SH3
Add Pin To Net: Unknown Pin: Pin J3-SH4
Add Pin To Net: Unknown Pin: Pin J4-SH1
Add Pin To Net: Unknown Pin: Pin J4-SH2
Add Pin To Net: Unknown Pin: Pin J4-SH3
Add Pin To Net: Unknown Pin: Pin J4-SH4
Added Pin To Net: NetName=VCC5.0V Pin=U12-1
Added Pin To Net: NetName=GND Pin=U12-2
Added Pin To Net: NetName=NetR71_1 Pin=U12-3
Added Pin To Net: NetName=VSUS1.05V Pin=U12-5
Added Pin To Net: NetName=VCC5.0V Pin=U14-1
Added Pin To Net: NetName=GND Pin=U14-2
Added Pin To Net: NetName=NetR73_1 Pin=U14-3
Added Pin To Net: NetName=VSUS3.3V Pin=U14-5
Added Member To Class: ClassName=pwr Member=Component U12 VRH1052LTX
Added Member To Class: ClassName=pwr Member=Component U14 TPSPX3819M5-L-3-3
