Removed Member From Class: ClassName=Prom21Core Member=C87
Removed Member From Class: ClassName=Prom21Core Member=C89
Removed Member From Class: ClassName=Prom21Core Member=C91
Removed Member From Class: ClassName=Prom21Core Member=C93
Removed Member From Class: ClassName=Prom21Core Member=C96
Removed Member From Class: ClassName=Prom21Core Member=C100
Removed Member From Class: ClassName=Prom21Core Member=C102
Removed Member From Class: ClassName=Prom21Core Member=C114
Removed Member From Class: ClassName=pwr Member=C136
Removed Member From Class: ClassName=pwr Member=C137
Removed Member From Class: ClassName=pwr Member=C138
Removed Member From Class: ClassName=pwr Member=C139
Removed Member From Class: ClassName=pwr Member=C140
Removed Member From Class: ClassName=pwr Member=C141
Change Component Footprint: Designator=C10 Old Footprint=C0603_L New Footprint=C0402_L
Change Component Footprint: Designator=C11 Old Footprint=C0603_L New Footprint=C0402_L
Change Component Footprint: Designator=C12 Old Footprint=C0603_L New Footprint=C0402_L
Change Component Footprint: Designator=C13 Old Footprint=C0603_L New Footprint=C0402_L
Change Component Footprint: Designator=C14 Old Footprint=C0603_L New Footprint=C0402_L
Change Component Footprint: Designator=C15 Old Footprint=C0603_L New Footprint=C0402_L
Change Component Footprint: Designator=C16 Old Footprint=C0603_L New Footprint=C0402_L
Change Component Footprint: Designator=C25 Old Footprint=C0603_L New Footprint=C0402_L
Change Component Footprint: Designator=C34 Old Footprint=C0603_L New Footprint=C0402_L
Change Component Footprint: Designator=C43 Old Footprint=C0603_L New Footprint=C0402_L
Change Component Footprint: Designator=C44 Old Footprint=C0603_L New Footprint=C0402_L
Change Component Footprint: Designator=C45 Old Footprint=C0603_L New Footprint=C0402_L
Change Component Footprint: Designator=C46 Old Footprint=C0603_L New Footprint=C0402_L
Change Component Footprint: Designator=C47 Old Footprint=C0603_L New Footprint=C0402_L
Change Component Footprint: Designator=C48 Old Footprint=C0603_L New Footprint=C0402_L
Change Component Footprint: Designator=C49 Old Footprint=C0603_L New Footprint=C0402_L
Change Component Footprint: Designator=C50 Old Footprint=C0603_L New Footprint=C0402_L
Change Component Footprint: Designator=C51 Old Footprint=C0603_L New Footprint=C0402_L
Change Component Footprint: Designator=C52 Old Footprint=C0603_L New Footprint=C0402_L
Change Component Footprint: Designator=C53 Old Footprint=C0603_L New Footprint=C0402_L
Change Component Footprint: Designator=C54 Old Footprint=C0603_L New Footprint=C0402_L
Change Component Footprint: Designator=C55 Old Footprint=C0603_L New Footprint=C0402_L
Change Component Footprint: Designator=C56 Old Footprint=C0603_L New Footprint=C0402_L
Change Component Footprint: Designator=C57 Old Footprint=C0603_L New Footprint=C0402_L
Change Component Footprint: Designator=C58 Old Footprint=C0603_L New Footprint=C0402_L
Change Component Footprint: Designator=C59 Old Footprint=C0603_L New Footprint=C0402_L
Change Component Footprint: Designator=C60 Old Footprint=C0603_L New Footprint=C0402_L
Change Component Footprint: Designator=C61 Old Footprint=C0603_L New Footprint=C0402_L
Change Component Footprint: Designator=C62 Old Footprint=C0603_L New Footprint=C0402_L
Change Component Footprint: Designator=C63 Old Footprint=C0603_L New Footprint=C0402_L
Change Component Footprint: Designator=C64 Old Footprint=C0603_L New Footprint=C0402_L
Change Component Footprint: Designator=C65 Old Footprint=C0603_L New Footprint=C0402_L
Change Component Footprint: Designator=C66 Old Footprint=C0603_L New Footprint=C0402_L
Change Component Footprint: Designator=C67 Old Footprint=C0603_L New Footprint=C0402_L
Change Component Footprint: Designator=C68 Old Footprint=C0603_L New Footprint=C0402_L
Change Component Footprint: Designator=C69 Old Footprint=C0603_L New Footprint=C0402_L
Change Component Footprint: Designator=C70 Old Footprint=C0603_L New Footprint=C0402_L
Change Component Footprint: Designator=C71 Old Footprint=C0603_L New Footprint=C0402_L
Change Component Footprint: Designator=C72 Old Footprint=C0603_L New Footprint=C0402_L
Change Component Footprint: Designator=C73 Old Footprint=C0603_L New Footprint=C0402_L
Change Component Footprint: Designator=C74 Old Footprint=C0603_L New Footprint=C0402_L
Change Component Footprint: Designator=C75 Old Footprint=C0603_L New Footprint=C0402_L
Change Component Footprint: Designator=C76 Old Footprint=C0603_L New Footprint=C0402_L
Change Component Footprint: Designator=C77 Old Footprint=C0603_L New Footprint=C0402_L
Change Component Footprint: Designator=C78 Old Footprint=C0603_L New Footprint=C0402_L
Change Component Footprint: Designator=C79 Old Footprint=C0603_L New Footprint=C0402_L
Change Component Footprint: Designator=C96 Old Footprint=C0603_L New Footprint=C0402_L
Change Component Footprint: Designator=C118 Old Footprint=C0603_L New Footprint=C0402_L
Change Component Footprint: Designator=C119 Old Footprint=C0603_L New Footprint=C0402_L
Change Component Footprint: Designator=C121 Old Footprint=C0603_L New Footprint=C0402_L
Change Component Footprint: Designator=C130 Old Footprint=C0603_L New Footprint=C0402_L
Change Component Footprint: Designator=C132 Old Footprint=C0603_L New Footprint=C0402_L
Change Component Footprint: Designator=C135 Old Footprint=C0603_L New Footprint=C0402_L
Change Component Footprint: Designator=C1 Old Footprint=C0805_L New Footprint=C0402_L
Change Component Footprint: Designator=C2 Old Footprint=C0805_L New Footprint=C0402_L
Change Component Footprint: Designator=C3 Old Footprint=C0805_L New Footprint=C0402_L
Change Component Footprint: Designator=C4 Old Footprint=C0805_L New Footprint=C0402_L
Change Component Footprint: Designator=C5 Old Footprint=C0805_L New Footprint=C0402_L
Change Component Footprint: Designator=C6 Old Footprint=C0805_L New Footprint=C0402_L
Change Component Footprint: Designator=C7 Old Footprint=C0805_L New Footprint=C0402_L
Change Component Footprint: Designator=C8 Old Footprint=C0805_L New Footprint=C0402_L
Change Component Footprint: Designator=C9 Old Footprint=C0805_L New Footprint=C0402_L
Change Component Footprint: Designator=C17 Old Footprint=C0805_L New Footprint=C0402_L
Change Component Footprint: Designator=C18 Old Footprint=C0805_L New Footprint=C0402_L
Change Component Footprint: Designator=C19 Old Footprint=C0805_L New Footprint=C0402_L
Change Component Footprint: Designator=C20 Old Footprint=C0805_L New Footprint=C0402_L
Change Component Footprint: Designator=C22 Old Footprint=C0805_L New Footprint=C0402_L
Change Component Footprint: Designator=C23 Old Footprint=C0805_L New Footprint=C0402_L
Change Component Footprint: Designator=C24 Old Footprint=C0805_L New Footprint=C0402_L
Change Component Footprint: Designator=C27 Old Footprint=C0805_L New Footprint=C0402_L
Change Component Footprint: Designator=C29 Old Footprint=C0805_L New Footprint=C0402_L
Change Component Footprint: Designator=C30 Old Footprint=C0805_L New Footprint=C0402_L
Change Component Footprint: Designator=C31 Old Footprint=C0805_L New Footprint=C0402_L
Change Component Footprint: Designator=C32 Old Footprint=C0805_L New Footprint=C0402_L
Change Component Footprint: Designator=C33 Old Footprint=C0805_L New Footprint=C0402_L
Change Component Footprint: Designator=C39 Old Footprint=C0805_L New Footprint=C0402_L
Change Component Footprint: Designator=C40 Old Footprint=C0805_L New Footprint=C0402_L
Change Component Footprint: Designator=C41 Old Footprint=C0805_L New Footprint=C0402_L
Change Component Footprint: Designator=C42 Old Footprint=C0805_L New Footprint=C0402_L
Change Component Footprint: Designator=C80 Old Footprint=C0805_L New Footprint=C0402_L
Change Component Footprint: Designator=C94 Old Footprint=C0805_L New Footprint=C0402_L
Change Component Footprint: Designator=C103 Old Footprint=C0805_L New Footprint=C0402_L
Change Component Footprint: Designator=C120 Old Footprint=C0805_L New Footprint=C0402_L
Change Component Footprint: Designator=C122 Old Footprint=C0805_L New Footprint=C0402_L
Change Component Footprint: Designator=C131 Old Footprint=C0805_L New Footprint=C0402_L
Change Component Footprint: Designator=C133 Old Footprint=C0805_L New Footprint=C0402_L
Add Component: Footprint Not Found VQFN-20_L3.0-W3.0-P0.45-TL-EP_TI_RJE
Add Component: Footprint Not Found TSOT-23-6_L2.9-W1.6-P0.95-LS2.8-BL
Add Component: Footprint Not Found TSOT-23-6_L2.9-W1.6-P0.95-LS2.8-BL
Add Component: Footprint Not Found VQFN-20_L3.0-W3.0-P0.45-TL-EP_TI_RJE
Add Component: Footprint Not Found TSOT-23-6_L2.9-W1.6-P0.95-LS2.8-BL
Add Component: Footprint Not Found SOT23-5
Add Component: Footprint Not Found VQFN-20_L3.0-W3.0-P0.45-TL-EP_TI_RJE
Add Component: Footprint Not Found SOT23-5
Add Pin To Net: Unknown Pin: Pin J2-SH1
Add Pin To Net: Unknown Pin: Pin J2-SH2
Add Pin To Net: Unknown Pin: Pin J2-SH3
Add Pin To Net: Unknown Pin: Pin J2-SH4
Add Pin To Net: Unknown Pin: Pin J3-SH1
Add Pin To Net: Unknown Pin: Pin J3-SH2
Add Pin To Net: Unknown Pin: Pin J3-SH3
Add Pin To Net: Unknown Pin: Pin J3-SH4
Add Pin To Net: Unknown Pin: Pin J4-SH1
Add Pin To Net: Unknown Pin: Pin J4-SH2
Add Pin To Net: Unknown Pin: Pin J4-SH3
Add Pin To Net: Unknown Pin: Pin J4-SH4
Add Pin To Net: Unknown Pin: Pin L2-1
Add Pin To Net: Unknown Pin: Pin L2-2
Add Pin To Net: Unknown Pin: Pin L3-1
Add Pin To Net: Unknown Pin: Pin L3-2
Add Pin To Net: Unknown Pin: Pin L5-1
Add Pin To Net: Unknown Pin: Pin L5-2
Add Pin To Net: Unknown Pin: Pin U7-1
Add Pin To Net: Unknown Pin: Pin U7-2
Add Pin To Net: Unknown Pin: Pin U7-3
Add Pin To Net: Unknown Pin: Pin U7-4
Add Pin To Net: Unknown Pin: Pin U7-5
Add Pin To Net: Unknown Pin: Pin U7-6
Add Pin To Net: Unknown Pin: Pin U7-7
Add Pin To Net: Unknown Pin: Pin U7-8
Add Pin To Net: Unknown Pin: Pin U7-9
Add Pin To Net: Unknown Pin: Pin U7-10
Add Pin To Net: Unknown Pin: Pin U7-11
Add Pin To Net: Unknown Pin: Pin U7-12
Add Pin To Net: Unknown Pin: Pin U7-13
Add Pin To Net: Unknown Pin: Pin U7-14
Add Pin To Net: Unknown Pin: Pin U7-15
Add Pin To Net: Unknown Pin: Pin U7-16
Add Pin To Net: Unknown Pin: Pin U7-17
Add Pin To Net: Unknown Pin: Pin U7-18
Add Pin To Net: Unknown Pin: Pin U7-19
Add Pin To Net: Unknown Pin: Pin U7-20
Add Pin To Net: Unknown Pin: Pin U7-21
Add Pin To Net: Unknown Pin: Pin U8-1
Add Pin To Net: Unknown Pin: Pin U8-2
Add Pin To Net: Unknown Pin: Pin U8-3
Add Pin To Net: Unknown Pin: Pin U8-4
Add Pin To Net: Unknown Pin: Pin U8-6
Add Pin To Net: Unknown Pin: Pin U9-1
Add Pin To Net: Unknown Pin: Pin U9-2
Add Pin To Net: Unknown Pin: Pin U9-3
Add Pin To Net: Unknown Pin: Pin U9-4
Add Pin To Net: Unknown Pin: Pin U9-6
Add Pin To Net: Unknown Pin: Pin U10-1
Add Pin To Net: Unknown Pin: Pin U10-2
Add Pin To Net: Unknown Pin: Pin U10-3
Add Pin To Net: Unknown Pin: Pin U10-4
Add Pin To Net: Unknown Pin: Pin U10-5
Add Pin To Net: Unknown Pin: Pin U10-6
Add Pin To Net: Unknown Pin: Pin U10-7
Add Pin To Net: Unknown Pin: Pin U10-8
Add Pin To Net: Unknown Pin: Pin U10-9
Add Pin To Net: Unknown Pin: Pin U10-10
Add Pin To Net: Unknown Pin: Pin U10-11
Add Pin To Net: Unknown Pin: Pin U10-12
Add Pin To Net: Unknown Pin: Pin U10-13
Add Pin To Net: Unknown Pin: Pin U10-14
Add Pin To Net: Unknown Pin: Pin U10-15
Add Pin To Net: Unknown Pin: Pin U10-16
Add Pin To Net: Unknown Pin: Pin U10-17
Add Pin To Net: Unknown Pin: Pin U10-18
Add Pin To Net: Unknown Pin: Pin U10-19
Add Pin To Net: Unknown Pin: Pin U10-20
Add Pin To Net: Unknown Pin: Pin U10-21
Add Pin To Net: Unknown Pin: Pin U11-1
Add Pin To Net: Unknown Pin: Pin U11-2
Add Pin To Net: Unknown Pin: Pin U11-3
Add Pin To Net: Unknown Pin: Pin U11-4
Add Pin To Net: Unknown Pin: Pin U11-6
Add Pin To Net: Unknown Pin: Pin U12-1
Add Pin To Net: Unknown Pin: Pin U12-2
Add Pin To Net: Unknown Pin: Pin U12-3
Add Pin To Net: Unknown Pin: Pin U12-5
Add Pin To Net: Unknown Pin: Pin U13-1
Add Pin To Net: Unknown Pin: Pin U13-2
Add Pin To Net: Unknown Pin: Pin U13-3
Add Pin To Net: Unknown Pin: Pin U13-4
Add Pin To Net: Unknown Pin: Pin U13-5
Add Pin To Net: Unknown Pin: Pin U13-6
Add Pin To Net: Unknown Pin: Pin U13-7
Add Pin To Net: Unknown Pin: Pin U13-8
Add Pin To Net: Unknown Pin: Pin U13-9
Add Pin To Net: Unknown Pin: Pin U13-10
Add Pin To Net: Unknown Pin: Pin U13-11
Add Pin To Net: Unknown Pin: Pin U13-12
Add Pin To Net: Unknown Pin: Pin U13-13
Add Pin To Net: Unknown Pin: Pin U13-14
Add Pin To Net: Unknown Pin: Pin U13-15
Add Pin To Net: Unknown Pin: Pin U13-16
Add Pin To Net: Unknown Pin: Pin U13-17
Add Pin To Net: Unknown Pin: Pin U13-18
Add Pin To Net: Unknown Pin: Pin U13-19
Add Pin To Net: Unknown Pin: Pin U13-20
Add Pin To Net: Unknown Pin: Pin U13-21
Add Pin To Net: Unknown Pin: Pin U14-1
Add Pin To Net: Unknown Pin: Pin U14-2
Add Pin To Net: Unknown Pin: Pin U14-3
Add Pin To Net: Unknown Pin: Pin U14-5
Added Member To Class: ClassName=Prom21Core Member=Component C10 100nF 6.3V
Added Member To Class: ClassName=Prom21Core Member=Component C11 100nF 6.3V
Added Member To Class: ClassName=Prom21Core Member=Component C12 100nF 6.3V
Added Member To Class: ClassName=Prom21Core Member=Component C13 100nF 6.3V
Added Member To Class: ClassName=Prom21Core Member=Component C14 100nF 6.3V
Added Member To Class: ClassName=Prom21Core Member=Component C15 100nF 6.3V
Added Member To Class: ClassName=Prom21Core Member=Component C16 100nF 6.3V
Added Member To Class: ClassName=Prom21Core Member=Component C17 100nF 6.3V
Added Member To Class: ClassName=Prom21Core Member=Component C18 100nF 6.3V
Added Member To Class: ClassName=Prom21Core Member=Component C25 100nF 6.3V
Added Member To Class: ClassName=Prom21Core Member=Component C27 100nF 6.3V
Added Member To Class: ClassName=Prom21Core Member=Component C30 100nF 6.3V
Added Member To Class: ClassName=Prom21Core Member=Component C32 100nF 6.3V
Added Member To Class: ClassName=Prom21Core Member=Component C33 100nF 6.3V
Added Member To Class: ClassName=Prom21Core Member=Component C34 22pF 50V
Added Member To Class: ClassName=Prom21Core Member=Component C35 10uF 6.3V
Added Member To Class: ClassName=Prom21Core Member=Component C36 10uF 6.3V
Added Member To Class: ClassName=Prom21Core Member=Component C37 10uF 6.3V
Added Member To Class: ClassName=Prom21Core Member=Component C39 100nF 6.3V
Added Member To Class: ClassName=Prom21Core Member=Component C40 100nF 6.3V
Added Member To Class: ClassName=Prom21Core Member=Component C43 22pF 50V
Added Member To Class: ClassName=Prom21Core Member=Component C45 100nF 6.3V
Added Member To Class: ClassName=Prom21Core Member=Component C46 100nF 6.3V
Added Member To Class: ClassName=Prom21Core Member=Component C49 100nF 6.3V
Added Member To Class: ClassName=Prom21Core Member=Component C50 100nF 6.3V
Added Member To Class: ClassName=Prom21Core Member=Component C51 100nF 6.3V
Added Member To Class: ClassName=Prom21Core Member=Component C52 100nF 6.3V
Added Member To Class: ClassName=Prom21Core Member=Component C53 100nF 6.3V
Added Member To Class: ClassName=Prom21Core Member=Component C55 100nF 6.3V
Added Member To Class: ClassName=Prom21Core Member=Component C56 100nF 6.3V
Added Member To Class: ClassName=Prom21Core Member=Component C62 100nF 6.3V
Added Member To Class: ClassName=Prom21Core Member=Component C63 100nF 6.3V
Added Member To Class: ClassName=Prom21Core Member=Component C64 100nF 6.3V
Added Member To Class: ClassName=Prom21Core Member=Component C65 100nF 6.3V
Added Member To Class: ClassName=Prom21Core Member=Component C66 100nF 6.3V
Added Member To Class: ClassName=Prom21Core Member=Component C68 100nF 6.3V
Added Member To Class: ClassName=Prom21Core Member=Component C69 100nF 6.3V
Added Member To Class: ClassName=Prom21Core Member=Component C71 100nF 6.3V
Added Member To Class: ClassName=Prom21Core Member=Component C73 100nF 6.3V
Added Member To Class: ClassName=Prom21Core Member=Component C74 100nF 6.3V
Added Member To Class: ClassName=Prom21Core Member=Component C75 100nF 6.3V
Added Member To Class: ClassName=Prom21Core Member=Component C76 100nF 6.3V
Added Member To Class: ClassName=Prom21Core Member=Component C77 100nF 6.3V
Added Member To Class: ClassName=Prom21Core Member=Component C78 100nF 6.3V
Added Member To Class: ClassName=Prom21Core Member=Component C79 100nF 6.3V
Added Member To Class: ClassName=pwr Member=Component C80 100nF 25V
Added Member To Class: ClassName=pwr Member=Component C81 22uF 25V
Added Member To Class: ClassName=pwr Member=Component C82 22uF 25V
Added Member To Class: ClassName=pwr Member=Component C83 22uF 6.3V
Added Member To Class: ClassName=pwr Member=Component C84 22uF 6.3V
Added Member To Class: ClassName=pwr Member=Component C85 22uF 6.3V
Added Member To Class: ClassName=pwr Member=Component C86 22uF 6.3V
Added Member To Class: ClassName=pwr Member=Component C88 22uF 25V
Added Member To Class: ClassName=pwr Member=Component C90 22uF 6.3V
Added Member To Class: ClassName=pwr Member=Component C92 22uF 6.3V
Added Member To Class: ClassName=pwr Member=Component C94 100nF 25V
Added Member To Class: ClassName=pwr Member=Component C95 10nF 25V
Added Member To Class: ClassName=pwr Member=Component C97 22uF 25V
Added Member To Class: ClassName=pwr Member=Component C98 22uF 25V
Added Member To Class: ClassName=pwr Member=Component C99 22uF 6.3V
Added Member To Class: ClassName=pwr Member=Component C101 22uF 6.3V
Added Member To Class: ClassName=pwr Member=Component C103 100nF 25V
Added Member To Class: ClassName=pwr Member=Component C104 22uF 25V
Added Member To Class: ClassName=pwr Member=Component C105 22uF 25V
Added Member To Class: ClassName=pwr Member=Component C106 22uF 6.3V
Added Member To Class: ClassName=pwr Member=Component C107 22uF 6.3V
Added Member To Class: ClassName=pwr Member=Component C108 22uF 6.3V
Added Member To Class: ClassName=pwr Member=Component C109 22uF 6.3V
Added Member To Class: ClassName=pwr Member=Component C110 22uF 25V
Added Member To Class: ClassName=pwr Member=Component C112 220nF 25V
Added Member To Class: ClassName=pwr Member=Component C113 22uF 6.3V
Added Member To Class: ClassName=pwr Member=Component C115 22uF 6.3V
Added Member To Class: ClassName=pwr Member=Component C116 22uF 6.3V
Added Member To Class: ClassName=pwr Member=Component C117 10nF 25V
Added Member To Class: ClassName=pwr Member=Component C119 4.7uF 6.3V
Added Member To Class: ClassName=pwr Member=Component C121 4.7uF 6.3V
Added Member To Class: ClassName=pwr Member=Component C122 100nF 25V
Added Member To Class: ClassName=pwr Member=Component C123 22uF 25V
Added Member To Class: ClassName=pwr Member=Component C124 22uF 25V
Added Member To Class: ClassName=pwr Member=Component C125 22uF 6.3V
Added Member To Class: ClassName=pwr Member=Component C126 22uF 6.3V
Added Member To Class: ClassName=pwr Member=Component C127 22uF 6.3V
Added Member To Class: ClassName=pwr Member=Component C128 22uF 6.3V
Added Member To Class: ClassName=pwr Member=Component C129 220nF 25V
Added Member To Class: ClassName=pwr Member=Component C130 4.7uF 6.3V
Added Member To Class: ClassName=pwr Member=Component C131 100nF 25V
Added Member To Class: ClassName=pwr Member=Component C132 4.7uF 6.3V
Added Member To Class: ClassName=pwr Member=Component C133 100nF 25V
Added Member To Class: ClassName=Connector Member=Component J4 TYPEC-501S-ACP24H92
Added Member To Class: ClassName=Connector Member=Component J5 Pcie Gen4 x4
Added Member To Class: ClassName=Connector Member=Component J7 Pcie Gen4 x4
Add Class Member: Failed to add class member : Component L2 10uH
Add Class Member: Failed to add class member : Component L3 10uH
Add Class Member: Failed to add class member : Component L5 10uH
Add Class Member: Failed to add class member : Component U7 TPS56C230RJER
Add Class Member: Failed to add class member : Component U8 TPS565201DDCR
Add Class Member: Failed to add class member : Component U9 TPS565201DDCR
Add Class Member: Failed to add class member : Component U10 TPS56C230RJER
Add Class Member: Failed to add class member : Component U11 TPS565201DDCR
Add Class Member: Failed to add class member : Component U12 VRH1052LTX
Add Class Member: Failed to add class member : Component U13 TPS56C230RJER
Add Class Member: Failed to add class member : Component U14 TPSPX3819M5-L-3-3
