Removed Member From Class: ClassName=Prom21Core Member=C?
Removed Member From Class: ClassName=USB Member=C?
Removed Member From Class: ClassName=Connector Member=J?
Removed Member From Class: ClassName=USB Member=R?
Removed Member From Class: ClassName=USB Member=U?
Change Footprint: Footprint Not Found TSOT-23-6_L2.9-W1.6-P0.95-LS2.8-BL
Change Footprint: Footprint Not Found TSOT-23-6_L2.9-W1.6-P0.95-LS2.8-BL
Change Footprint: Footprint Not Found TSOT-23-6_L2.9-W1.6-P0.95-LS2.8-BL
Change Footprint: Footprint Not Found VQFN-20_L3.0-W3.0-P0.45-TL-EP_TI_RJE
Change Footprint: Footprint Not Found VQFN-20_L3.0-W3.0-P0.45-TL-EP_TI_RJE
Change Footprint: Footprint Not Found VQFN-20_L3.0-W3.0-P0.45-TL-EP_TI_RJE
Change Component Designator: OldDesignator=C4 NewDesignator=C1
Change Component Designator: OldDesignator=C5 NewDesignator=C2
Change Component Designator: OldDesignator=C6 NewDesignator=C3
Change Component Designator: OldDesignator=C7 NewDesignator=C4
Change Component Designator: OldDesignator=C8 NewDesignator=C5
Change Component Designator: OldDesignator=C9 NewDesignator=C6
Change Component Designator: OldDesignator=C10 NewDesignator=C7
Change Component Designator: OldDesignator=C11 NewDesignator=C8
Change Component Designator: OldDesignator=C12 NewDesignator=C9
Change Component Designator: OldDesignator=C13 NewDesignator=C10
Change Component Designator: OldDesignator=C14 NewDesignator=C11
Change Component Designator: OldDesignator=C15 NewDesignator=C12
Change Component Designator: OldDesignator=C16 NewDesignator=C13
Change Component Designator: OldDesignator=C17 NewDesignator=C14
Change Component Designator: OldDesignator=C18 NewDesignator=C15
Change Component Designator: OldDesignator=C19 NewDesignator=C16
Change Component Designator: OldDesignator=C20 NewDesignator=C17
Change Component Designator: OldDesignator=C21 NewDesignator=C18
Change Component Designator: OldDesignator=C22 NewDesignator=C19
Change Component Designator: OldDesignator=C23 NewDesignator=C20
Change Component Designator: OldDesignator=C24 NewDesignator=C21
Change Component Designator: OldDesignator=C25 NewDesignator=C22
Change Component Designator: OldDesignator=C26 NewDesignator=C23
Change Component Designator: OldDesignator=C27 NewDesignator=C24
Change Component Designator: OldDesignator=C28 NewDesignator=C25
Change Component Designator: OldDesignator=C29 NewDesignator=C26
Change Component Designator: OldDesignator=C30 NewDesignator=C27
Change Component Designator: OldDesignator=C31 NewDesignator=C28
Change Component Designator: OldDesignator=C32 NewDesignator=C29
Change Component Designator: OldDesignator=C33 NewDesignator=C30
Change Component Designator: OldDesignator=C34 NewDesignator=C31
Change Component Designator: OldDesignator=C35 NewDesignator=C32
Change Component Designator: OldDesignator=C36 NewDesignator=C33
Change Component Designator: OldDesignator=C37 NewDesignator=C34
Change Component Designator: OldDesignator=C38 NewDesignator=C35
Change Component Designator: OldDesignator=C39 NewDesignator=C72
Change Component Designator: OldDesignator=C40 NewDesignator=C73
Change Component Designator: OldDesignator=C41 NewDesignator=C74
Change Component Designator: OldDesignator=C42 NewDesignator=C75
Change Component Designator: OldDesignator=C43 NewDesignator=C76
Change Component Designator: OldDesignator=C44 NewDesignator=C77
Change Component Designator: OldDesignator=C45 NewDesignator=C78
Change Component Designator: OldDesignator=C46 NewDesignator=C79
Change Component Designator: OldDesignator=C47 NewDesignator=C80
Change Component Designator: OldDesignator=C48 NewDesignator=C81
Change Component Designator: OldDesignator=C49 NewDesignator=C82
Change Component Designator: OldDesignator=C50 NewDesignator=C83
Change Component Designator: OldDesignator=C51 NewDesignator=C84
Change Component Designator: OldDesignator=C52 NewDesignator=C85
Change Component Designator: OldDesignator=C53 NewDesignator=C86
Change Component Designator: OldDesignator=C54 NewDesignator=C87
Change Component Designator: OldDesignator=C55 NewDesignator=C88
Change Component Designator: OldDesignator=C56 NewDesignator=C89
Change Component Designator: OldDesignator=C57 NewDesignator=C90
Change Component Designator: OldDesignator=C58 NewDesignator=C91
Change Component Designator: OldDesignator=C59 NewDesignator=C92
Change Component Designator: OldDesignator=C60 NewDesignator=C93
Change Component Designator: OldDesignator=C61 NewDesignator=C94
Change Component Designator: OldDesignator=C62 NewDesignator=C95
Change Component Designator: OldDesignator=C63 NewDesignator=C96
Change Component Designator: OldDesignator=C64 NewDesignator=C97
Change Component Designator: OldDesignator=C65 NewDesignator=C98
Change Component Designator: OldDesignator=C66 NewDesignator=C99
Change Component Designator: OldDesignator=C67 NewDesignator=C100
Change Component Designator: OldDesignator=C68 NewDesignator=C101
Change Component Designator: OldDesignator=C69 NewDesignator=C102
Change Component Designator: OldDesignator=C70 NewDesignator=C103
Change Component Designator: OldDesignator=C71 NewDesignator=C104
Change Component Designator: OldDesignator=C72 NewDesignator=C105
Change Component Designator: OldDesignator=C73 NewDesignator=C106
Change Component Designator: OldDesignator=C74 NewDesignator=C107
Change Component Designator: OldDesignator=C75 NewDesignator=C108
Change Component Designator: OldDesignator=C76 NewDesignator=C109
Change Component Designator: OldDesignator=C77 NewDesignator=C110
Change Component Designator: OldDesignator=C85 NewDesignator=C111
Change Component Designator: OldDesignator=C86 NewDesignator=C112
Change Component Designator: OldDesignator=C87 NewDesignator=C113
Change Component Designator: OldDesignator=C88 NewDesignator=C114
Change Component Designator: OldDesignator=C89 NewDesignator=C122
Change Component Designator: OldDesignator=C90 NewDesignator=C123
Change Component Designator: OldDesignator=C91 NewDesignator=C124
Change Component Designator: OldDesignator=C92 NewDesignator=C125
Change Component Designator: OldDesignator=C? NewDesignator=C36
Change Component Designator: OldDesignator=C? NewDesignator=C37
Change Component Designator: OldDesignator=C? NewDesignator=C38
Change Component Designator: OldDesignator=C? NewDesignator=C39
Change Component Designator: OldDesignator=C? NewDesignator=C40
Change Component Designator: OldDesignator=C? NewDesignator=C41
Change Component Designator: OldDesignator=C? NewDesignator=C42
Change Component Designator: OldDesignator=C? NewDesignator=C43
Change Component Designator: OldDesignator=C? NewDesignator=C44
Change Component Designator: OldDesignator=C? NewDesignator=C45
Change Component Designator: OldDesignator=C? NewDesignator=C46
Change Component Designator: OldDesignator=C? NewDesignator=C47
Change Component Designator: OldDesignator=C? NewDesignator=C48
Change Component Designator: OldDesignator=C? NewDesignator=C49
Change Component Designator: OldDesignator=C? NewDesignator=C50
Change Component Designator: OldDesignator=C? NewDesignator=C51
Change Component Designator: OldDesignator=C? NewDesignator=C52
Change Component Designator: OldDesignator=C? NewDesignator=C53
Change Component Designator: OldDesignator=C? NewDesignator=C54
Change Component Designator: OldDesignator=C? NewDesignator=C55
Change Component Designator: OldDesignator=C? NewDesignator=C56
Change Component Designator: OldDesignator=C? NewDesignator=C57
Change Component Designator: OldDesignator=C? NewDesignator=C58
Change Component Designator: OldDesignator=C? NewDesignator=C59
Change Component Designator: OldDesignator=C? NewDesignator=C60
Change Component Designator: OldDesignator=C? NewDesignator=C61
Change Component Designator: OldDesignator=C? NewDesignator=C62
Change Component Designator: OldDesignator=C? NewDesignator=C63
Change Component Designator: OldDesignator=C? NewDesignator=C64
Change Component Designator: OldDesignator=C? NewDesignator=C65
Change Component Designator: OldDesignator=C? NewDesignator=C66
Change Component Designator: OldDesignator=C? NewDesignator=C67
Change Component Designator: OldDesignator=C? NewDesignator=C68
Change Component Designator: OldDesignator=C? NewDesignator=C69
Change Component Designator: OldDesignator=C? NewDesignator=C70
Change Component Designator: OldDesignator=C? NewDesignator=C71
Change Component Designator: OldDesignator=C? NewDesignator=C115
Change Component Designator: OldDesignator=C? NewDesignator=C116
Change Component Designator: OldDesignator=C? NewDesignator=C117
Change Component Designator: OldDesignator=C? NewDesignator=C118
Change Component Designator: OldDesignator=C? NewDesignator=C119
Change Component Designator: OldDesignator=C? NewDesignator=C120
Change Component Designator: OldDesignator=C? NewDesignator=C121
Change Component Designator: OldDesignator=C? NewDesignator=C126
Change Component Designator: OldDesignator=C? NewDesignator=C127
Change Component Designator: OldDesignator=C? NewDesignator=C128
Change Component Designator: OldDesignator=C? NewDesignator=C129
Change Component Designator: OldDesignator=C? NewDesignator=C130
Change Component Designator: OldDesignator=C? NewDesignator=C131
Change Component Designator: OldDesignator=C? NewDesignator=C132
Change Component Designator: OldDesignator=C? NewDesignator=C133
Change Component Designator: OldDesignator=E? NewDesignator=E10
Change Component Designator: OldDesignator=E? NewDesignator=E11
Change Component Designator: OldDesignator=E? NewDesignator=E12
Change Component Designator: OldDesignator=J3 NewDesignator=J6
Change Component Designator: OldDesignator=J4 NewDesignator=J7
Change Component Designator: OldDesignator=J5 NewDesignator=J8
Change Component Designator: OldDesignator=J? NewDesignator=J3
Change Component Designator: OldDesignator=J? NewDesignator=J4
Change Component Designator: OldDesignator=J? NewDesignator=J5
Change Component Designator: OldDesignator=L? NewDesignator=L6
Change Component Designator: OldDesignator=R8 NewDesignator=R3
Change Component Designator: OldDesignator=R9 NewDesignator=R4
Change Component Designator: OldDesignator=R10 NewDesignator=R5
Change Component Designator: OldDesignator=R11 NewDesignator=R6
Change Component Designator: OldDesignator=R12 NewDesignator=R7
Change Component Designator: OldDesignator=R13 NewDesignator=R8
Change Component Designator: OldDesignator=R14 NewDesignator=R9
Change Component Designator: OldDesignator=R15 NewDesignator=R10
Change Component Designator: OldDesignator=R16 NewDesignator=R11
Change Component Designator: OldDesignator=R17 NewDesignator=R12
Change Component Designator: OldDesignator=R18 NewDesignator=R13
Change Component Designator: OldDesignator=R19 NewDesignator=R14
Change Component Designator: OldDesignator=R20 NewDesignator=R15
Change Component Designator: OldDesignator=R21 NewDesignator=R16
Change Component Designator: OldDesignator=R22 NewDesignator=R17
Change Component Designator: OldDesignator=R23 NewDesignator=R18
Change Component Designator: OldDesignator=R24 NewDesignator=R19
Change Component Designator: OldDesignator=R25 NewDesignator=R20
Change Component Designator: OldDesignator=R26 NewDesignator=R21
Change Component Designator: OldDesignator=R27 NewDesignator=R22
Change Component Designator: OldDesignator=R28 NewDesignator=R23
Change Component Designator: OldDesignator=R29 NewDesignator=R24
Change Component Designator: OldDesignator=R30 NewDesignator=R25
Change Component Designator: OldDesignator=R31 NewDesignator=R26
Change Component Designator: OldDesignator=R32 NewDesignator=R27
Change Component Designator: OldDesignator=R33 NewDesignator=R28
Change Component Designator: OldDesignator=R34 NewDesignator=R29
Change Component Designator: OldDesignator=R35 NewDesignator=R30
Change Component Designator: OldDesignator=R36 NewDesignator=R31
Change Component Designator: OldDesignator=R37 NewDesignator=R32
Change Component Designator: OldDesignator=R38 NewDesignator=R33
Change Component Designator: OldDesignator=R39 NewDesignator=R34
Change Component Designator: OldDesignator=R40 NewDesignator=R35
Change Component Designator: OldDesignator=R41 NewDesignator=R36
Change Component Designator: OldDesignator=R42 NewDesignator=R37
Change Component Designator: OldDesignator=R43 NewDesignator=R38
Change Component Designator: OldDesignator=R44 NewDesignator=R39
Change Component Designator: OldDesignator=R45 NewDesignator=R40
Change Component Designator: OldDesignator=R46 NewDesignator=R41
Change Component Designator: OldDesignator=R47 NewDesignator=R42
Change Component Designator: OldDesignator=R48 NewDesignator=R45
Change Component Designator: OldDesignator=R49 NewDesignator=R43
Change Component Designator: OldDesignator=R50 NewDesignator=R44
Change Component Designator: OldDesignator=R51 NewDesignator=R46
Change Component Designator: OldDesignator=R52 NewDesignator=R47
Change Component Designator: OldDesignator=R53 NewDesignator=R48
Change Component Designator: OldDesignator=R54 NewDesignator=R49
Change Component Designator: OldDesignator=R55 NewDesignator=R50
Change Component Designator: OldDesignator=R56 NewDesignator=R51
Change Component Designator: OldDesignator=R57 NewDesignator=R52
Change Component Designator: OldDesignator=R58 NewDesignator=R53
Change Component Designator: OldDesignator=R59 NewDesignator=R54
Change Component Designator: OldDesignator=R60 NewDesignator=R55
Change Component Designator: OldDesignator=R61 NewDesignator=R56
Change Component Designator: OldDesignator=R62 NewDesignator=R57
Change Component Designator: OldDesignator=R63 NewDesignator=R58
Change Component Designator: OldDesignator=R64 NewDesignator=R59
Change Component Designator: OldDesignator=R65 NewDesignator=R60
Change Component Designator: OldDesignator=R66 NewDesignator=R61
Change Component Designator: OldDesignator=R67 NewDesignator=R62
Change Component Designator: OldDesignator=R68 NewDesignator=R63
Change Component Designator: OldDesignator=R69 NewDesignator=R64
Change Component Designator: OldDesignator=R70 NewDesignator=R65
Change Component Designator: OldDesignator=R71 NewDesignator=R66
Change Component Designator: OldDesignator=R72 NewDesignator=R67
Change Component Designator: OldDesignator=R73 NewDesignator=R68
Change Component Designator: OldDesignator=R74 NewDesignator=R69
Change Component Designator: OldDesignator=R75 NewDesignator=R70
Change Component Designator: OldDesignator=R78 NewDesignator=R71
Change Component Designator: OldDesignator=R79 NewDesignator=R73
Change Component Designator: OldDesignator=R? NewDesignator=R72
Change Component Designator: OldDesignator=R? NewDesignator=R74
Change Component Designator: OldDesignator=R? NewDesignator=R75
Change Component Designator: OldDesignator=R? NewDesignator=R76
Change Component Designator: OldDesignator=R? NewDesignator=R77
Change Component Designator: OldDesignator=R? NewDesignator=R78
Change Component Designator: OldDesignator=R? NewDesignator=R79
Change Component Designator: OldDesignator=R? NewDesignator=R80
Change Component Designator: OldDesignator=R? NewDesignator=R81
Change Component Designator: OldDesignator=R? NewDesignator=R82
Change Component Designator: OldDesignator=R? NewDesignator=R83
Change Component Designator: OldDesignator=R? NewDesignator=R84
Change Component Designator: OldDesignator=R? NewDesignator=R85
Change Component Designator: OldDesignator=R? NewDesignator=R86
Change Component Designator: OldDesignator=R? NewDesignator=R87
Change Component Designator: OldDesignator=R? NewDesignator=R88
Change Component Designator: OldDesignator=R? NewDesignator=R89
Change Component Designator: OldDesignator=R? NewDesignator=R90
Change Component Designator: OldDesignator=R? NewDesignator=R91
Change Component Designator: OldDesignator=U8 NewDesignator=U5
Change Component Designator: OldDesignator=U9 NewDesignator=U6
Change Component Designator: OldDesignator=U10 NewDesignator=U7
Change Component Designator: OldDesignator=U11 NewDesignator=U8
Change Component Designator: OldDesignator=U12 NewDesignator=U9
Change Component Designator: OldDesignator=U13 NewDesignator=U10
Change Component Designator: OldDesignator=U14 NewDesignator=U11
Change Component Designator: OldDesignator=U? NewDesignator=U13
Change Component Designator: OldDesignator=U? NewDesignator=U15
Change Component Designator: OldDesignator=U? NewDesignator=U16
Change Component Designator: OldDesignator=U? NewDesignator=U17
Change Component Designator: OldDesignator=U? NewDesignator=U18
Change Component Designator: OldDesignator=U? NewDesignator=U19
Change Component Designator: OldDesignator=U? NewDesignator=U20
Change Component Designator: OldDesignator=U? NewDesignator=U21
Change Component Designator: OldDesignator=U? NewDesignator=U22
Change Component Designator: OldDesignator=U? NewDesignator=U23
Add Component: Footprint Not Found SOT23-5
Add Component: Footprint Not Found SOT23-5
Add Pin To Net: Unknown Pin: Pin L2-2
Add Pin To Net: Unknown Pin: Pin L3-2
Add Pin To Net: Unknown Pin: Pin L5-2
Add Pin To Net: Unknown Pin: Pin U7-12
Add Pin To Net: Unknown Pin: Pin U7-13
Add Pin To Net: Unknown Pin: Pin U7-16
Add Pin To Net: Unknown Pin: Pin U7-18
Add Pin To Net: Unknown Pin: Pin U7-19
Add Pin To Net: Unknown Pin: Pin U7-20
Add Pin To Net: Unknown Pin: Pin U7-21
Add Pin To Net: Unknown Pin: Pin U10-12
Add Pin To Net: Unknown Pin: Pin U10-13
Add Pin To Net: Unknown Pin: Pin U10-16
Add Pin To Net: Unknown Pin: Pin U10-18
Add Pin To Net: Unknown Pin: Pin U10-19
Add Pin To Net: Unknown Pin: Pin U10-20
Add Pin To Net: Unknown Pin: Pin U10-21
Add Pin To Net: Unknown Pin: Pin U12-1
Add Pin To Net: Unknown Pin: Pin U12-2
Add Pin To Net: Unknown Pin: Pin U12-5
Add Pin To Net: Unknown Pin: Pin U14-1
Add Pin To Net: Unknown Pin: Pin U14-2
Add Pin To Net: Unknown Pin: Pin U14-5
Change Net Name : Old Net Name=NetC39_2 New Net Name=NetC72_2
Change Net Name : Old Net Name=NetC48_1 New Net Name=NetC81_1
Change Net Name : Old Net Name=NetC48_2 New Net Name=NetC81_2
Change Net Name : Old Net Name=NetC53_2 New Net Name=NetC86_2
Change Net Name : Old Net Name=NetC62_2 New Net Name=NetC95_2
Change Net Name : Old Net Name=NetC71_1 New Net Name=NetC104_1
Change Net Name : Old Net Name=NetC71_2 New Net Name=NetC104_2
Change Net Name : Old Net Name=NetC?_1 New Net Name=NetC121_1
Change Net Name : Old Net Name=NetC?_2 New Net Name=NetC121_2
Change Net Name : Old Net Name=NetR16_1 New Net Name=NetR11_1
Change Net Name : Old Net Name=NetR35_2 New Net Name=NetR30_2
Change Net Name : Old Net Name=NetR36_1 New Net Name=NetR31_1
Change Net Name : Old Net Name=NetR37_1 New Net Name=NetR32_1
Change Net Name : Old Net Name=NetR44_1 New Net Name=NetR39_1
Change Net Name : Old Net Name=NetR45_1 New Net Name=NetR40_1
Change Net Name : Old Net Name=NetR46_1 New Net Name=NetR41_1
Change Net Name : Old Net Name=NetR48_1 New Net Name=NetR45_1
Change Net Name : Old Net Name=NetR57_1 New Net Name=NetR52_1
Change Net Name : Old Net Name=NetR62_2 New Net Name=NetR57_2
Change Net Name : Old Net Name=NetR68_2 New Net Name=NetR63_2
Change Net Name : Old Net Name=NetR70_2 New Net Name=NetR65_2
Change Net Name : Old Net Name=NetR?_1 New Net Name=NetR72_2
Change Net Name : Old Net Name=NetR?_2 New Net Name=NetR74_2
Added Pin To Net: NetName=NetC72_1 Pin=C72-1
Added Pin To Net: NetName=NetC72_1 Pin=U8-2
Added Net: Name=NetC72_1
Added Pin To Net: NetName=NetC86_1 Pin=C86-1
Added Pin To Net: NetName=NetC86_1 Pin=U9-2
Added Net: Name=NetC86_1
Added Pin To Net: NetName=NetC87_2 Pin=C87-2
Added Net: Name=NetC87_2
Added Pin To Net: NetName=NetC88_2 Pin=C88-2
Added Pin To Net: NetName=NetC88_2 Pin=R60-1
Added Net: Name=NetC88_2
Added Pin To Net: NetName=NetC95_1 Pin=C95-1
Added Pin To Net: NetName=NetC95_1 Pin=U11-2
Added Net: Name=NetC95_1
Added Pin To Net: NetName=NetC109_2 Pin=C109-2
Added Net: Name=NetC109_2
Added Pin To Net: NetName=NetC110_2 Pin=C110-2
Added Pin To Net: NetName=NetC110_2 Pin=R68-1
Added Net: Name=NetC110_2
Added Pin To Net: NetName=NetC126_2 Pin=C126-2
Added Pin To Net: NetName=NetC126_2 Pin=U13-11
Added Net: Name=NetC126_2
Added Pin To Net: NetName=NetC127_2 Pin=C127-2
Added Pin To Net: NetName=NetC127_2 Pin=R74-1
Added Pin To Net: NetName=NetC127_2 Pin=U13-17
Added Net: Name=NetC127_2
Added Pin To Net: NetName=NetR58_2 Pin=R58-2
Added Pin To Net: NetName=NetR58_2 Pin=R62-1
Added Net: Name=NetR58_2
Added Pin To Net: NetName=NetR60_2 Pin=R60-2
Added Pin To Net: NetName=NetR60_2 Pin=R61-2
Added Net: Name=NetR60_2
Added Pin To Net: NetName=NetR66_2 Pin=R66-2
Added Pin To Net: NetName=NetR66_2 Pin=R70-1
Added Net: Name=NetR66_2
Added Pin To Net: NetName=NetR68_2 Pin=R68-2
Added Pin To Net: NetName=NetR68_2 Pin=R69-2
Added Net: Name=NetR68_2
Added Pin To Net: NetName=NetR71_1 Pin=R71-1
Added Net: Name=NetR71_1
Added Pin To Net: NetName=NetR73_1 Pin=R73-1
Added Net: Name=NetR73_1
Added Pin To Net: NetName=NetR77_2 Pin=R77-2
Added Pin To Net: NetName=NetR77_2 Pin=U15-23
Added Net: Name=NetR77_2
Added Pin To Net: NetName=NetR78_2 Pin=R78-2
Added Pin To Net: NetName=NetR78_2 Pin=U16-23
Added Net: Name=NetR78_2
Added Pin To Net: NetName=NetR79_2 Pin=R79-2
Added Pin To Net: NetName=NetR79_2 Pin=U17-23
Added Net: Name=NetR79_2
Added Pin To Net: NetName=NetR80_2 Pin=R80-2
Added Pin To Net: NetName=NetR80_2 Pin=U15-24
Added Net: Name=NetR80_2
Added Pin To Net: NetName=NetR81_2 Pin=R81-2
Added Pin To Net: NetName=NetR81_2 Pin=U16-24
Added Net: Name=NetR81_2
Added Pin To Net: NetName=NetR82_2 Pin=R82-2
Added Pin To Net: NetName=NetR82_2 Pin=U17-24
Added Net: Name=NetR82_2
Added Pin To Net: NetName=NetR83_1 Pin=R83-1
Added Pin To Net: NetName=NetR83_1 Pin=U15-25
Added Net: Name=NetR83_1
Added Pin To Net: NetName=NetR84_1 Pin=R84-1
Added Pin To Net: NetName=NetR84_1 Pin=U16-25
Added Net: Name=NetR84_1
Added Pin To Net: NetName=NetR85_1 Pin=R85-1
Added Pin To Net: NetName=NetR85_1 Pin=U17-25
Added Net: Name=NetR85_1
Added Pin To Net: NetName=NetR86_2 Pin=R86-2
Added Pin To Net: NetName=NetR86_2 Pin=U15-13
Added Net: Name=NetR86_2
Added Pin To Net: NetName=NetR87_2 Pin=R87-2
Added Pin To Net: NetName=NetR87_2 Pin=U16-13
Added Net: Name=NetR87_2
Added Pin To Net: NetName=NetR88_2 Pin=R88-2
Added Pin To Net: NetName=NetR88_2 Pin=U17-13
Added Net: Name=NetR88_2
Added Pin To Net: NetName=NetR89_2 Pin=R89-2
Added Pin To Net: NetName=NetR89_2 Pin=U15-10
Added Net: Name=NetR89_2
Added Pin To Net: NetName=NetR90_2 Pin=R90-2
Added Pin To Net: NetName=NetR90_2 Pin=U16-10
Added Net: Name=NetR90_2
Added Pin To Net: NetName=NetR91_2 Pin=R91-2
Added Pin To Net: NetName=NetR91_2 Pin=U17-10
Added Net: Name=NetR91_2
Add Differential Pair: Number of nets in differential pair CAP_DPE_TX7 is 1 instead of 2
Add Differential Pair: Number of nets in differential pair DPE_RX6 is 1 instead of 2
Add Differential Pair: Number of nets in differential pair DPE_RX9 is 1 instead of 2
Added Member To Class: ClassName=Prom21Core Member=Component C36 100nF 6.3V
Added Member To Class: ClassName=Prom21Core Member=Component C37 100nF 6.3V
Added Member To Class: ClassName=Prom21Core Member=Component C38 100nF 6.3V
Added Member To Class: ClassName=Prom21Core Member=Component C39 100nF 6.3V
Added Member To Class: ClassName=Prom21Core Member=Component C40 100nF 6.3V
Added Member To Class: ClassName=Prom21Core Member=Component C41 100nF 6.3V
Added Member To Class: ClassName=Prom21Core Member=Component C42 100nF 6.3V
Added Member To Class: ClassName=Prom21Core Member=Component C43 100nF 6.3V
Added Member To Class: ClassName=Prom21Core Member=Component C44 100nF 6.3V
Added Member To Class: ClassName=Prom21Core Member=Component C45 100nF 6.3V
Added Member To Class: ClassName=Prom21Core Member=Component C46 100nF 6.3V
Added Member To Class: ClassName=Prom21Core Member=Component C47 100nF 6.3V
Added Member To Class: ClassName=Prom21Core Member=Component C48 100nF 6.3V
Added Member To Class: ClassName=Prom21Core Member=Component C49 100nF 6.3V
Added Member To Class: ClassName=Prom21Core Member=Component C50 100nF 6.3V
Added Member To Class: ClassName=Prom21Core Member=Component C51 100nF 6.3V
Added Member To Class: ClassName=Prom21Core Member=Component C52 100nF 6.3V
Added Member To Class: ClassName=Prom21Core Member=Component C53 100nF 6.3V
Added Member To Class: ClassName=Prom21Core Member=Component C54 100nF 6.3V
Added Member To Class: ClassName=Prom21Core Member=Component C55 100nF 6.3V
Added Member To Class: ClassName=Prom21Core Member=Component C56 100nF 6.3V
Added Member To Class: ClassName=Prom21Core Member=Component C57 100nF 6.3V
Added Member To Class: ClassName=Prom21Core Member=Component C58 100nF 6.3V
Added Member To Class: ClassName=Prom21Core Member=Component C59 100nF 6.3V
Added Member To Class: ClassName=Prom21Core Member=Component C60 100nF 6.3V
Added Member To Class: ClassName=Prom21Core Member=Component C61 100nF 6.3V
Added Member To Class: ClassName=Prom21Core Member=Component C62 100nF 6.3V
Added Member To Class: ClassName=Prom21Core Member=Component C63 100nF 6.3V
Added Member To Class: ClassName=Prom21Core Member=Component C64 100nF 6.3V
Added Member To Class: ClassName=Prom21Core Member=Component C65 100nF 6.3V
Added Member To Class: ClassName=Prom21Core Member=Component C66 100nF 6.3V
Added Member To Class: ClassName=Prom21Core Member=Component C67 100nF 6.3V
Added Member To Class: ClassName=Prom21Core Member=Component C68 100nF 6.3V
Added Member To Class: ClassName=Prom21Core Member=Component C69 100nF 6.3V
Added Member To Class: ClassName=Prom21Core Member=Component C70 100nF 6.3V
Added Member To Class: ClassName=Prom21Core Member=Component C71 100nF 6.3V
Added Member To Class: ClassName=pwr Member=Component C115 22uF 25V
Added Member To Class: ClassName=pwr Member=Component C116 22uF 25V
Added Member To Class: ClassName=pwr Member=Component C118 22uF 6.3V
Added Member To Class: ClassName=pwr Member=Component C119 22uF 6.3V
Added Member To Class: ClassName=pwr Member=Component C120 22uF 6.3V
Added Member To Class: ClassName=pwr Member=Component C121 220nF 25V
Added Member To Class: ClassName=pwr Member=Component C126 10nF 25V
Added Member To Class: ClassName=pwr Member=Component C127 2.2uF 25V
Added Member To Class: ClassName=USB Member=Component C128 100nF 10V
Added Member To Class: ClassName=USB Member=Component C129 4.7uF 10V NC
Added Member To Class: ClassName=USB Member=Component C130 100nF 10V
Added Member To Class: ClassName=USB Member=Component C131 4.7uF 10V NC
Added Member To Class: ClassName=USB Member=Component C132 100nF 10V
Added Member To Class: ClassName=USB Member=Component C133 4.7uF 10V NC
Added Member To Class: ClassName=pwr Member=Component E10 100uF 25V
Added Member To Class: ClassName=pwr Member=Component E11 220uF 25V
Added Member To Class: ClassName=Connector Member=Component J6 Pcie Gen4 x4
Added Member To Class: ClassName=Connector Member=Component J7 Pcie Gen4 x4
Added Member To Class: ClassName=Connector Member=Component J8 Pcie Gen4 x4
Add Class Member: Failed to add class member : Component L2 10uH
Add Class Member: Failed to add class member : Component L3 10uH
Add Class Member: Failed to add class member : Component L5 10uH
Added Member To Class: ClassName=pwr Member=Component R74 15K 1%
Added Member To Class: ClassName=pwr Member=Component R75 15K 1%
Added Member To Class: ClassName=pwr Member=Component R76 20K 1%
Added Member To Class: ClassName=USB Member=Component R77 10K 1%
Added Member To Class: ClassName=USB Member=Component R78 10K 1%
Added Member To Class: ClassName=USB Member=Component R79 10K 1%
Added Member To Class: ClassName=USB Member=Component R80 10K 1%
Added Member To Class: ClassName=USB Member=Component R81 10K 1%
Added Member To Class: ClassName=USB Member=Component R82 10K 1%
Added Member To Class: ClassName=USB Member=Component R83 10K 1%
Added Member To Class: ClassName=USB Member=Component R84 10K 1%
Added Member To Class: ClassName=USB Member=Component R85 10K 1%
Added Member To Class: ClassName=USB Member=Component R86 10K 1%
Added Member To Class: ClassName=USB Member=Component R87 10K 1%
Added Member To Class: ClassName=USB Member=Component R88 10K 1%
Added Member To Class: ClassName=USB Member=Component R89 20K 1%
Added Member To Class: ClassName=USB Member=Component R90 20K 1%
Added Member To Class: ClassName=USB Member=Component R91 20K 1%
Add Class Member: Failed to add class member : Component U12 VRH1052LTX
Add Class Member: Failed to add class member : Component U14 TPSPX3819M5-L-3-3
Added Member To Class: ClassName=USB Member=Component U15 VL160
Added Member To Class: ClassName=USB Member=Component U16 VL160
Added Member To Class: ClassName=USB Member=Component U17 VL160
Added Member To Class: ClassName=USB Member=Component U18 TPD4E02B04
Added Member To Class: ClassName=USB Member=Component U19 TPD4E02B04
Added Member To Class: ClassName=USB Member=Component U20 TPD4E02B04
Added Member To Class: ClassName=USB Member=Component U21 TPD4E02B04
Added Member To Class: ClassName=USB Member=Component U22 TPD4E02B04
Added Member To Class: ClassName=USB Member=Component U23 TPD4E02B04
