Change Component Designator: Old Designator=C39 New Designator=C72
Change Component Designator: Old Designator=C40 New Designator=C73
Change Component Designator: Old Designator=C41 New Designator=C74
Change Component Designator: Old Designator=C42 New Designator=C75
Change Component Designator: Old Designator=C43 New Designator=C76
Change Component Designator: Old Designator=C44 New Designator=C77
Change Component Designator: Old Designator=C45 New Designator=C78
Change Component Designator: Old Designator=C46 New Designator=C79
Change Component Designator: Old Designator=C47 New Designator=C80
Change Component Designator: Old Designator=C48 New Designator=C81
Change Component Designator: Old Designator=C49 New Designator=C82
Change Component Designator: Old Designator=C50 New Designator=C83
Change Component Designator: Old Designator=C51 New Designator=C84
Change Component Designator: Old Designator=C52 New Designator=C85
Change Component Designator: Old Designator=C53 New Designator=C86
Change Component Designator: Old Designator=C54 New Designator=C87
Change Component Designator: Old Designator=C55 New Designator=C88
Change Component Designator: Old Designator=C56 New Designator=C89
Change Component Designator: Old Designator=C57 New Designator=C90
Change Component Designator: Old Designator=C58 New Designator=C91
Change Component Designator: Old Designator=C59 New Designator=C92
Change Component Designator: Old Designator=C60 New Designator=C93
Change Component Designator: Old Designator=C61 New Designator=C94
Change Component Designator: Old Designator=C62 New Designator=C95
Change Component Designator: Old Designator=C63 New Designator=C96
Change Component Designator: Old Designator=C64 New Designator=C97
Change Component Designator: Old Designator=C65 New Designator=C98
Change Component Designator: Old Designator=C66 New Designator=C99
Change Component Designator: Old Designator=C67 New Designator=C100
Change Component Designator: Old Designator=C68 New Designator=C101
Change Component Designator: Old Designator=C69 New Designator=C102
Change Component Designator: Old Designator=C70 New Designator=C103
Change Component Designator: Old Designator=C71 New Designator=C104
Change Component Designator: Old Designator=C72 New Designator=C105
Change Component Designator: Old Designator=C73 New Designator=C106
Change Component Designator: Old Designator=C74 New Designator=C107
Change Component Designator: Old Designator=C75 New Designator=C108
Change Component Designator: Old Designator=C76 New Designator=C109
Change Component Designator: Old Designator=C77 New Designator=C110
Change Component Designator: Old Designator=C85 New Designator=C111
Change Component Designator: Old Designator=C86 New Designator=C112
Change Component Designator: Old Designator=C87 New Designator=C113
Change Component Designator: Old Designator=C88 New Designator=C114
Change Component Designator: Old Designator=C89 New Designator=C122
Change Component Designator: Old Designator=C90 New Designator=C123
Change Component Designator: Old Designator=C91 New Designator=C124
Change Component Designator: Old Designator=C92 New Designator=C125
Change Component Designator: Old Designator=C? New Designator=C115
Change Component Designator: Old Designator=C? New Designator=C116
Change Component Designator: Old Designator=C? New Designator=C117
Change Component Designator: Old Designator=C? New Designator=C118
Change Component Designator: Old Designator=C? New Designator=C119
Change Component Designator: Old Designator=C? New Designator=C120
Change Component Designator: Old Designator=C? New Designator=C121
Change Component Designator: Old Designator=C? New Designator=C126
Change Component Designator: Old Designator=C? New Designator=C127
Change Component Designator: Old Designator=E? New Designator=E10
Change Component Designator: Old Designator=E? New Designator=E11
Change Component Designator: Old Designator=E? New Designator=E12
Change Component Designator: Old Designator=L? New Designator=L6
Change Component Designator: Old Designator=R62 New Designator=R57
Change Component Designator: Old Designator=R63 New Designator=R58
Change Component Designator: Old Designator=R64 New Designator=R59
Change Component Designator: Old Designator=R65 New Designator=R60
Change Component Designator: Old Designator=R66 New Designator=R61
Change Component Designator: Old Designator=R67 New Designator=R62
Change Component Designator: Old Designator=R68 New Designator=R63
Change Component Designator: Old Designator=R69 New Designator=R64
Change Component Designator: Old Designator=R70 New Designator=R65
Change Component Designator: Old Designator=R71 New Designator=R66
Change Component Designator: Old Designator=R72 New Designator=R67
Change Component Designator: Old Designator=R73 New Designator=R68
Change Component Designator: Old Designator=R74 New Designator=R69
Change Component Designator: Old Designator=R75 New Designator=R70
Change Component Designator: Old Designator=R78 New Designator=R71
Change Component Designator: Old Designator=R79 New Designator=R73
Change Component Designator: Old Designator=R? New Designator=R72
Change Component Designator: Old Designator=R? New Designator=R74
Change Component Designator: Old Designator=R? New Designator=R75
Change Component Designator: Old Designator=R? New Designator=R76
Change Component Designator: Old Designator=U10 New Designator=U7
Change Component Designator: Old Designator=U11 New Designator=U8
Change Component Designator: Old Designator=U12 New Designator=U9
Change Component Designator: Old Designator=U13 New Designator=U10
Change Component Designator: Old Designator=U14 New Designator=U11
Change Component Designator: Old Designator=U16 New Designator=U12
Change Component Designator: Old Designator=U17 New Designator=U14
Change Component Designator: Old Designator=U? New Designator=U13
